{"/Users/lucas/Documents/Development/opensource/movie-collection/app/App.js":{"path":"/Users/lucas/Documents/Development/opensource/movie-collection/app/App.js","statementMap":{"0":{"start":{"line":3,"column":0},"end":{"line":5,"column":3}},"1":{"start":{"line":6,"column":0},"end":{"line":6,"column":22}},"2":{"start":{"line":8,"column":13},"end":{"line":8,"column":29}},"3":{"start":{"line":10,"column":14},"end":{"line":10,"column":44}},"4":{"start":{"line":12,"column":18},"end":{"line":12,"column":40}},"5":{"start":{"line":14,"column":13},"end":{"line":14,"column":29}},"6":{"start":{"line":16,"column":22},"end":{"line":16,"column":49}},"7":{"start":{"line":18,"column":16},"end":{"line":18,"column":37}},"8":{"start":{"line":20,"column":17},"end":{"line":20,"column":50}},"9":{"start":{"line":22,"column":18},"end":{"line":22,"column":41}},"10":{"start":{"line":24,"column":18},"end":{"line":24,"column":41}},"11":{"start":{"line":26,"column":39},"end":{"line":26,"column":93}},"12":{"start":{"line":28,"column":12},"end":{"line":28,"column":55}},"13":{"start":{"line":30,"column":0},"end":{"line":30,"column":29}},"14":{"start":{"line":33,"column":2},"end":{"line":58,"column":4}}},"fnMap":{"0":{"name":"_interopRequireDefault","decl":{"start":{"line":26,"column":9},"end":{"line":26,"column":31}},"loc":{"start":{"line":26,"column":37},"end":{"line":26,"column":95}},"line":26},"1":{"name":"App","decl":{"start":{"line":32,"column":9},"end":{"line":32,"column":12}},"loc":{"start":{"line":32,"column":15},"end":{"line":59,"column":1}},"line":32}},"branchMap":{"0":{"loc":{"start":{"line":26,"column":46},"end":{"line":26,"column":92}},"type":"cond-expr","locations":[{"start":{"line":26,"column":70},"end":{"line":26,"column":73}},{"start":{"line":26,"column":76},"end":{"line":26,"column":92}}],"line":26},"1":{"loc":{"start":{"line":26,"column":46},"end":{"line":26,"column":67}},"type":"binary-expr","locations":[{"start":{"line":26,"column":46},"end":{"line":26,"column":49}},{"start":{"line":26,"column":53},"end":{"line":26,"column":67}}],"line":26}},"s":{"0":1,"1":1,"2":1,"3":1,"4":1,"5":1,"6":1,"7":1,"8":1,"9":1,"10":1,"11":2,"12":1,"13":1,"14":1},"f":{"0":2,"1":1},"b":{"0":[1,1],"1":[2,2]},"_coverageSchema":"332fd63041d2c1bcb487cc26dd0d5f7d97098a6c","hash":"c1d6cec0a8f9ad450b53729abe73dbbd1263ec1b","contentHash":"d8d0c7f3cac8ee9d1c9111c71562cfb6_10.3.2"},"/Users/lucas/Documents/Development/opensource/movie-collection/app/reducers/index.js":{"path":"/Users/lucas/Documents/Development/opensource/movie-collection/app/reducers/index.js","statementMap":{"0":{"start":{"line":3,"column":0},"end":{"line":5,"column":3}},"1":{"start":{"line":7,"column":13},"end":{"line":7,"column":29}},"2":{"start":{"line":9,"column":17},"end":{"line":9,"column":38}},"3":{"start":{"line":11,"column":21},"end":{"line":11,"column":47}},"4":{"start":{"line":13,"column":22},"end":{"line":13,"column":60}},"5":{"start":{"line":15,"column":22},"end":{"line":15,"column":49}},"6":{"start":{"line":17,"column":23},"end":{"line":17,"column":62}},"7":{"start":{"line":19,"column":39},"end":{"line":19,"column":93}},"8":{"start":{"line":21,"column":18},"end":{"line":25,"column":2}},"9":{"start":{"line":27,"column":0},"end":{"line":27,"column":30}}},"fnMap":{"0":{"name":"_interopRequireDefault","decl":{"start":{"line":19,"column":9},"end":{"line":19,"column":31}},"loc":{"start":{"line":19,"column":37},"end":{"line":19,"column":95}},"line":19}},"branchMap":{"0":{"loc":{"start":{"line":19,"column":46},"end":{"line":19,"column":92}},"type":"cond-expr","locations":[{"start":{"line":19,"column":70},"end":{"line":19,"column":73}},{"start":{"line":19,"column":76},"end":{"line":19,"column":92}}],"line":19},"1":{"loc":{"start":{"line":19,"column":46},"end":{"line":19,"column":67}},"type":"binary-expr","locations":[{"start":{"line":19,"column":46},"end":{"line":19,"column":49}},{"start":{"line":19,"column":53},"end":{"line":19,"column":67}}],"line":19}},"s":{"0":1,"1":1,"2":1,"3":1,"4":1,"5":1,"6":1,"7":2,"8":1,"9":1},"f":{"0":2},"b":{"0":[2,0],"1":[2,2]},"_coverageSchema":"332fd63041d2c1bcb487cc26dd0d5f7d97098a6c","hash":"e6f373bf3838ac0eeaad0c05ce55e8a699a44c61","contentHash":"87ddb2279ce84f3ee5c99f6505287b2b_10.3.2"},"/Users/lucas/Documents/Development/opensource/movie-collection/app/reducers/reducer_movie.js":{"path":"/Users/lucas/Documents/Development/opensource/movie-collection/app/reducers/reducer_movie.js","statementMap":{"0":{"start":{"line":3,"column":0},"end":{"line":5,"column":3}},"1":{"start":{"line":7,"column":0},"end":{"line":17,"column":2}},"2":{"start":{"line":8,"column":14},"end":{"line":8,"column":84}},"3":{"start":{"line":9,"column":15},"end":{"line":9,"column":27}},"4":{"start":{"line":11,"column":2},"end":{"line":16,"column":3}},"5":{"start":{"line":13,"column":6},"end":{"line":13,"column":28}},"6":{"start":{"line":15,"column":6},"end":{"line":15,"column":19}},"7":{"start":{"line":19,"column":15},"end":{"line":19,"column":36}}},"fnMap":{"0":{"name":"(anonymous_0)","decl":{"start":{"line":7,"column":18},"end":{"line":7,"column":19}},"loc":{"start":{"line":7,"column":30},"end":{"line":17,"column":1}},"line":7}},"branchMap":{"0":{"loc":{"start":{"line":8,"column":14},"end":{"line":8,"column":84}},"type":"cond-expr","locations":[{"start":{"line":8,"column":67},"end":{"line":8,"column":79}},{"start":{"line":8,"column":82},"end":{"line":8,"column":84}}],"line":8},"1":{"loc":{"start":{"line":8,"column":14},"end":{"line":8,"column":64}},"type":"binary-expr","locations":[{"start":{"line":8,"column":14},"end":{"line":8,"column":34}},{"start":{"line":8,"column":38},"end":{"line":8,"column":64}}],"line":8},"2":{"loc":{"start":{"line":11,"column":2},"end":{"line":16,"column":3}},"type":"switch","locations":[{"start":{"line":12,"column":4},"end":{"line":13,"column":28}},{"start":{"line":14,"column":4},"end":{"line":15,"column":19}}],"line":11}},"s":{"0":1,"1":1,"2":4,"3":4,"4":4,"5":0,"6":4,"7":1},"f":{"0":4},"b":{"0":[1,3],"1":[4,4],"2":[0,4]},"_coverageSchema":"332fd63041d2c1bcb487cc26dd0d5f7d97098a6c","hash":"a89fdbaec72a83f0d1ea910a0705c38db9674bec","contentHash":"a0e8d6e4a9556b0809fc4f1a32985879_10.3.2"},"/Users/lucas/Documents/Development/opensource/movie-collection/app/actions/index.js":{"path":"/Users/lucas/Documents/Development/opensource/movie-collection/app/actions/index.js","statementMap":{"0":{"start":{"line":3,"column":0},"end":{"line":5,"column":3}},"1":{"start":{"line":7,"column":14},"end":{"line":7,"column":33}},"2":{"start":{"line":9,"column":0},"end":{"line":17,"column":3}},"3":{"start":{"line":10,"column":2},"end":{"line":10,"column":56}},"4":{"start":{"line":10,"column":49},"end":{"line":10,"column":56}},"5":{"start":{"line":11,"column":2},"end":{"line":16,"column":5}},"6":{"start":{"line":14,"column":6},"end":{"line":14,"column":26}}},"fnMap":{"0":{"name":"(anonymous_0)","decl":{"start":{"line":9,"column":29},"end":{"line":9,"column":30}},"loc":{"start":{"line":9,"column":44},"end":{"line":17,"column":1}},"line":9},"1":{"name":"get","decl":{"start":{"line":13,"column":18},"end":{"line":13,"column":21}},"loc":{"start":{"line":13,"column":24},"end":{"line":15,"column":5}},"line":13}},"branchMap":{"0":{"loc":{"start":{"line":10,"column":2},"end":{"line":10,"column":56}},"type":"if","locations":[{"start":{"line":10,"column":2},"end":{"line":10,"column":56}},{"start":{"line":10,"column":2},"end":{"line":10,"column":56}}],"line":10},"1":{"loc":{"start":{"line":10,"column":6},"end":{"line":10,"column":47}},"type":"binary-expr","locations":[{"start":{"line":10,"column":6},"end":{"line":10,"column":23}},{"start":{"line":10,"column":27},"end":{"line":10,"column":47}}],"line":10}},"s":{"0":1,"1":1,"2":1,"3":10,"4":0,"5":10,"6":23},"f":{"0":10,"1":23},"b":{"0":[0,10],"1":[10,10]},"_coverageSchema":"332fd63041d2c1bcb487cc26dd0d5f7d97098a6c","hash":"e91537b294a4e128a20e50d580c8ca22c692810e","contentHash":"755620854c18b6c57a9454108940a3c9_10.3.2"},"/Users/lucas/Documents/Development/opensource/movie-collection/app/actions/movies.js":{"path":"/Users/lucas/Documents/Development/opensource/movie-collection/app/actions/movies.js","statementMap":{"0":{"start":{"line":3,"column":0},"end":{"line":5,"column":3}},"1":{"start":{"line":6,"column":0},"end":{"line":6,"column":119}},"2":{"start":{"line":7,"column":0},"end":{"line":7,"column":32}},"3":{"start":{"line":8,"column":0},"end":{"line":8,"column":34}},"4":{"start":{"line":9,"column":0},"end":{"line":9,"column":28}},"5":{"start":{"line":10,"column":0},"end":{"line":10,"column":30}},"6":{"start":{"line":11,"column":0},"end":{"line":11,"column":34}},"7":{"start":{"line":13,"column":15},"end":{"line":13,"column":45}},"8":{"start":{"line":15,"column":18},"end":{"line":15,"column":53}},"9":{"start":{"line":16,"column":19},"end":{"line":16,"column":56}},"10":{"start":{"line":17,"column":16},"end":{"line":17,"column":47}},"11":{"start":{"line":18,"column":17},"end":{"line":18,"column":50}},"12":{"start":{"line":19,"column":19},"end":{"line":19,"column":56}},"13":{"start":{"line":21,"column":10},"end":{"line":21,"column":48}},"14":{"start":{"line":23,"column":0},"end":{"line":33,"column":1}},"15":{"start":{"line":24,"column":2},"end":{"line":30,"column":5}},"16":{"start":{"line":32,"column":2},"end":{"line":32,"column":46}},"17":{"start":{"line":36,"column":15},"end":{"line":36,"column":53}},"18":{"start":{"line":37,"column":14},"end":{"line":39,"column":7}},"19":{"start":{"line":38,"column":4},"end":{"line":38,"column":23}},"20":{"start":{"line":41,"column":2},"end":{"line":43,"column":3}},"21":{"start":{"line":42,"column":4},"end":{"line":42,"column":20}},"22":{"start":{"line":45,"column":2},"end":{"line":48,"column":4}},"23":{"start":{"line":52,"column":15},"end":{"line":52,"column":53}},"24":{"start":{"line":54,"column":2},"end":{"line":57,"column":4}},"25":{"start":{"line":61,"column":15},"end":{"line":61,"column":53}},"26":{"start":{"line":62,"column":2},"end":{"line":62,"column":21}},"27":{"start":{"line":63,"column":2},"end":{"line":63,"column":49}},"28":{"start":{"line":65,"column":2},"end":{"line":68,"column":4}},"29":{"start":{"line":72,"column":15},"end":{"line":72,"column":53}},"30":{"start":{"line":73,"column":14},"end":{"line":75,"column":22}},"31":{"start":{"line":74,"column":4},"end":{"line":74,"column":16}},"32":{"start":{"line":76,"column":2},"end":{"line":76,"column":24}},"33":{"start":{"line":77,"column":2},"end":{"line":77,"column":49}},"34":{"start":{"line":79,"column":2},"end":{"line":82,"column":4}},"35":{"start":{"line":86,"column":15},"end":{"line":86,"column":53}},"36":{"start":{"line":87,"column":14},"end":{"line":89,"column":21}},"37":{"start":{"line":88,"column":4},"end":{"line":88,"column":16}},"38":{"start":{"line":90,"column":2},"end":{"line":90,"column":26}},"39":{"start":{"line":91,"column":2},"end":{"line":91,"column":49}},"40":{"start":{"line":93,"column":2},"end":{"line":96,"column":4}}},"fnMap":{"0":{"name":"fetchMovie","decl":{"start":{"line":35,"column":9},"end":{"line":35,"column":19}},"loc":{"start":{"line":35,"column":34},"end":{"line":49,"column":1}},"line":35},"1":{"name":"(anonymous_1)","decl":{"start":{"line":37,"column":28},"end":{"line":37,"column":29}},"loc":{"start":{"line":37,"column":41},"end":{"line":39,"column":3}},"line":37},"2":{"name":"fetchMovies","decl":{"start":{"line":51,"column":9},"end":{"line":51,"column":20}},"loc":{"start":{"line":51,"column":23},"end":{"line":58,"column":1}},"line":51},"3":{"name":"addMovie","decl":{"start":{"line":60,"column":9},"end":{"line":60,"column":17}},"loc":{"start":{"line":60,"column":25},"end":{"line":69,"column":1}},"line":60},"4":{"name":"editMovie","decl":{"start":{"line":71,"column":9},"end":{"line":71,"column":18}},"loc":{"start":{"line":71,"column":26},"end":{"line":83,"column":1}},"line":71},"5":{"name":"(anonymous_5)","decl":{"start":{"line":73,"column":25},"end":{"line":73,"column":26}},"loc":{"start":{"line":73,"column":38},"end":{"line":75,"column":3}},"line":73},"6":{"name":"deleteMovie","decl":{"start":{"line":85,"column":9},"end":{"line":85,"column":20}},"loc":{"start":{"line":85,"column":30},"end":{"line":97,"column":1}},"line":85},"7":{"name":"(anonymous_7)","decl":{"start":{"line":87,"column":25},"end":{"line":87,"column":26}},"loc":{"start":{"line":87,"column":38},"end":{"line":89,"column":3}},"line":87}},"branchMap":{"0":{"loc":{"start":{"line":23,"column":0},"end":{"line":33,"column":1}},"type":"if","locations":[{"start":{"line":23,"column":0},"end":{"line":33,"column":1}},{"start":{"line":23,"column":0},"end":{"line":33,"column":1}}],"line":23},"1":{"loc":{"start":{"line":41,"column":2},"end":{"line":43,"column":3}},"type":"if","locations":[{"start":{"line":41,"column":2},"end":{"line":43,"column":3}},{"start":{"line":41,"column":2},"end":{"line":43,"column":3}}],"line":41},"2":{"loc":{"start":{"line":47,"column":13},"end":{"line":47,"column":24}},"type":"binary-expr","locations":[{"start":{"line":47,"column":13},"end":{"line":47,"column":18}},{"start":{"line":47,"column":22},"end":{"line":47,"column":24}}],"line":47},"3":{"loc":{"start":{"line":56,"column":13},"end":{"line":56,"column":25}},"type":"binary-expr","locations":[{"start":{"line":56,"column":13},"end":{"line":56,"column":19}},{"start":{"line":56,"column":23},"end":{"line":56,"column":25}}],"line":56}},"s":{"0":1,"1":1,"2":1,"3":1,"4":1,"5":1,"6":1,"7":1,"8":1,"9":1,"10":1,"11":1,"12":1,"13":1,"14":1,"15":1,"16":1,"17":1,"18":1,"19":1,"20":1,"21":0,"22":1,"23":2,"24":2,"25":0,"26":0,"27":0,"28":0,"29":0,"30":0,"31":0,"32":0,"33":0,"34":0,"35":1,"36":1,"37":1,"38":1,"39":1,"40":1},"f":{"0":1,"1":1,"2":2,"3":0,"4":0,"5":0,"6":1,"7":1},"b":{"0":[1,0],"1":[0,1],"2":[1,1],"3":[2,0]},"_coverageSchema":"332fd63041d2c1bcb487cc26dd0d5f7d97098a6c","hash":"16dab771f802b3209f576af1012f9114984e52ca","contentHash":"1d9cc8524137228d7a71a80218e1b22a_10.3.2"},"/Users/lucas/Documents/Development/opensource/movie-collection/app/services/storage.js":{"path":"/Users/lucas/Documents/Development/opensource/movie-collection/app/services/storage.js","statementMap":{"0":{"start":{"line":3,"column":0},"end":{"line":5,"column":3}},"1":{"start":{"line":6,"column":21},"end":{"line":8,"column":1}},"2":{"start":{"line":7,"column":2},"end":{"line":7,"column":54}},"3":{"start":{"line":10,"column":21},"end":{"line":12,"column":1}},"4":{"start":{"line":11,"column":2},"end":{"line":11,"column":59}}},"fnMap":{"0":{"name":"getStorageItem","decl":{"start":{"line":6,"column":55},"end":{"line":6,"column":69}},"loc":{"start":{"line":6,"column":76},"end":{"line":8,"column":1}},"line":6},"1":{"name":"setStorageItem","decl":{"start":{"line":10,"column":55},"end":{"line":10,"column":69}},"loc":{"start":{"line":10,"column":83},"end":{"line":12,"column":1}},"line":10}},"branchMap":{"0":{"loc":{"start":{"line":7,"column":9},"end":{"line":7,"column":53}},"type":"binary-expr","locations":[{"start":{"line":7,"column":9},"end":{"line":7,"column":47}},{"start":{"line":7,"column":51},"end":{"line":7,"column":53}}],"line":7}},"s":{"0":1,"1":1,"2":5,"3":1,"4":2},"f":{"0":5,"1":2},"b":{"0":[5,1]},"_coverageSchema":"332fd63041d2c1bcb487cc26dd0d5f7d97098a6c","hash":"41d9b13771786a0058316bed93b80817a87b3ef0","contentHash":"0cadde16f5a2a9d5536a0a9673a51b79_10.3.2"},"/Users/lucas/Documents/Development/opensource/movie-collection/app/reducers/reducer_movies.js":{"path":"/Users/lucas/Documents/Development/opensource/movie-collection/app/reducers/reducer_movies.js","statementMap":{"0":{"start":{"line":3,"column":0},"end":{"line":5,"column":3}},"1":{"start":{"line":7,"column":0},"end":{"line":20,"column":2}},"2":{"start":{"line":8,"column":14},"end":{"line":8,"column":84}},"3":{"start":{"line":9,"column":15},"end":{"line":9,"column":27}},"4":{"start":{"line":11,"column":2},"end":{"line":19,"column":3}},"5":{"start":{"line":16,"column":6},"end":{"line":16,"column":28}},"6":{"start":{"line":18,"column":6},"end":{"line":18,"column":19}},"7":{"start":{"line":22,"column":15},"end":{"line":22,"column":36}}},"fnMap":{"0":{"name":"(anonymous_0)","decl":{"start":{"line":7,"column":18},"end":{"line":7,"column":19}},"loc":{"start":{"line":7,"column":30},"end":{"line":20,"column":1}},"line":7}},"branchMap":{"0":{"loc":{"start":{"line":8,"column":14},"end":{"line":8,"column":84}},"type":"cond-expr","locations":[{"start":{"line":8,"column":67},"end":{"line":8,"column":79}},{"start":{"line":8,"column":82},"end":{"line":8,"column":84}}],"line":8},"1":{"loc":{"start":{"line":8,"column":14},"end":{"line":8,"column":64}},"type":"binary-expr","locations":[{"start":{"line":8,"column":14},"end":{"line":8,"column":34}},{"start":{"line":8,"column":38},"end":{"line":8,"column":64}}],"line":8},"2":{"loc":{"start":{"line":11,"column":2},"end":{"line":19,"column":3}},"type":"switch","locations":[{"start":{"line":12,"column":4},"end":{"line":12,"column":31}},{"start":{"line":13,"column":4},"end":{"line":13,"column":28}},{"start":{"line":14,"column":4},"end":{"line":14,"column":29}},{"start":{"line":15,"column":4},"end":{"line":16,"column":28}},{"start":{"line":17,"column":4},"end":{"line":18,"column":19}}],"line":11}},"s":{"0":1,"1":1,"2":4,"3":4,"4":4,"5":1,"6":3,"7":1},"f":{"0":4},"b":{"0":[1,3],"1":[4,4],"2":[1,1,1,1,3]},"_coverageSchema":"332fd63041d2c1bcb487cc26dd0d5f7d97098a6c","hash":"a9c86212e9841d1a64dae5e7ca3e7bb6cf98e2c3","contentHash":"76d7477a2e5202adfbfd2176e32c2459_10.3.2"},"/Users/lucas/Documents/Development/opensource/movie-collection/app/components/index.js":{"path":"/Users/lucas/Documents/Development/opensource/movie-collection/app/components/index.js","statementMap":{"0":{"start":{"line":3,"column":0},"end":{"line":5,"column":3}},"1":{"start":{"line":6,"column":0},"end":{"line":6,"column":143}},"2":{"start":{"line":8,"column":14},"end":{"line":8,"column":40}},"3":{"start":{"line":10,"column":15},"end":{"line":10,"column":46}},"4":{"start":{"line":12,"column":12},"end":{"line":12,"column":34}},"5":{"start":{"line":14,"column":13},"end":{"line":14,"column":42}},"6":{"start":{"line":16,"column":13},"end":{"line":16,"column":37}},"7":{"start":{"line":18,"column":14},"end":{"line":18,"column":44}},"8":{"start":{"line":20,"column":29},"end":{"line":20,"column":77}},"9":{"start":{"line":22,"column":30},"end":{"line":22,"column":76}},"10":{"start":{"line":24,"column":25},"end":{"line":24,"column":69}},"11":{"start":{"line":26,"column":26},"end":{"line":26,"column":68}},"12":{"start":{"line":28,"column":22},"end":{"line":28,"column":60}},"13":{"start":{"line":30,"column":23},"end":{"line":30,"column":62}},"14":{"start":{"line":32,"column":39},"end":{"line":32,"column":93}},"15":{"start":{"line":34,"column":0},"end":{"line":34,"column":34}},"16":{"start":{"line":35,"column":0},"end":{"line":35,"column":30}},"17":{"start":{"line":36,"column":0},"end":{"line":36,"column":32}},"18":{"start":{"line":37,"column":0},"end":{"line":37,"column":64}},"19":{"start":{"line":38,"column":0},"end":{"line":38,"column":56}},"20":{"start":{"line":39,"column":0},"end":{"line":39,"column":50}}},"fnMap":{"0":{"name":"_interopRequireDefault","decl":{"start":{"line":32,"column":9},"end":{"line":32,"column":31}},"loc":{"start":{"line":32,"column":37},"end":{"line":32,"column":95}},"line":32}},"branchMap":{"0":{"loc":{"start":{"line":32,"column":46},"end":{"line":32,"column":92}},"type":"cond-expr","locations":[{"start":{"line":32,"column":70},"end":{"line":32,"column":73}},{"start":{"line":32,"column":76},"end":{"line":32,"column":92}}],"line":32},"1":{"loc":{"start":{"line":32,"column":46},"end":{"line":32,"column":67}},"type":"binary-expr","locations":[{"start":{"line":32,"column":46},"end":{"line":32,"column":49}},{"start":{"line":32,"column":53},"end":{"line":32,"column":67}}],"line":32}},"s":{"0":1,"1":1,"2":1,"3":1,"4":1,"5":1,"6":1,"7":1,"8":1,"9":1,"10":1,"11":1,"12":1,"13":1,"14":6,"15":1,"16":1,"17":1,"18":1,"19":1,"20":1},"f":{"0":6},"b":{"0":[6,0],"1":[6,6]},"_coverageSchema":"332fd63041d2c1bcb487cc26dd0d5f7d97098a6c","hash":"4ff06d3a59fee5ab776c28abb1d2c2d647d7b204","contentHash":"795d6d9802d87c1d8e566d48b396860c_10.3.2"},"/Users/lucas/Documents/Development/opensource/movie-collection/app/components/header/Header.js":{"path":"/Users/lucas/Documents/Development/opensource/movie-collection/app/components/header/Header.js","statementMap":{"0":{"start":{"line":3,"column":0},"end":{"line":5,"column":3}},"1":{"start":{"line":7,"column":13},"end":{"line":7,"column":29}},"2":{"start":{"line":9,"column":14},"end":{"line":9,"column":44}},"3":{"start":{"line":11,"column":23},"end":{"line":11,"column":51}},"4":{"start":{"line":13,"column":24},"end":{"line":13,"column":64}},"5":{"start":{"line":15,"column":13},"end":{"line":15,"column":31}},"6":{"start":{"line":17,"column":14},"end":{"line":17,"column":44}},"7":{"start":{"line":19,"column":14},"end":{"line":19,"column":41}},"8":{"start":{"line":21,"column":15},"end":{"line":21,"column":46}},"9":{"start":{"line":23,"column":39},"end":{"line":23,"column":93}},"10":{"start":{"line":25,"column":13},"end":{"line":40,"column":1}},"11":{"start":{"line":26,"column":2},"end":{"line":39,"column":4}},"12":{"start":{"line":42,"column":0},"end":{"line":42,"column":25}}},"fnMap":{"0":{"name":"_interopRequireDefault","decl":{"start":{"line":23,"column":9},"end":{"line":23,"column":31}},"loc":{"start":{"line":23,"column":37},"end":{"line":23,"column":95}},"line":23},"1":{"name":"Header","decl":{"start":{"line":25,"column":22},"end":{"line":25,"column":28}},"loc":{"start":{"line":25,"column":31},"end":{"line":40,"column":1}},"line":25}},"branchMap":{"0":{"loc":{"start":{"line":23,"column":46},"end":{"line":23,"column":92}},"type":"cond-expr","locations":[{"start":{"line":23,"column":70},"end":{"line":23,"column":73}},{"start":{"line":23,"column":76},"end":{"line":23,"column":92}}],"line":23},"1":{"loc":{"start":{"line":23,"column":46},"end":{"line":23,"column":67}},"type":"binary-expr","locations":[{"start":{"line":23,"column":46},"end":{"line":23,"column":49}},{"start":{"line":23,"column":53},"end":{"line":23,"column":67}}],"line":23}},"s":{"0":1,"1":1,"2":1,"3":1,"4":1,"5":1,"6":1,"7":1,"8":1,"9":4,"10":1,"11":1,"12":1},"f":{"0":4,"1":1},"b":{"0":[3,1],"1":[4,4]},"_coverageSchema":"332fd63041d2c1bcb487cc26dd0d5f7d97098a6c","hash":"f884bcd35178504589fa0176d7232fbb0fa9c22f","contentHash":"68b602ac4ac08ea757b2c61839ba8815_10.3.2"},"/Users/lucas/Documents/Development/opensource/movie-collection/app/components/header/HeaderContainer.js":{"path":"/Users/lucas/Documents/Development/opensource/movie-collection/app/components/header/HeaderContainer.js","statementMap":{"0":{"start":{"line":3,"column":0},"end":{"line":5,"column":3}},"1":{"start":{"line":7,"column":22},"end":{"line":7,"column":428}},"2":{"start":{"line":9,"column":24},"end":{"line":9,"column":52}},"3":{"start":{"line":11,"column":25},"end":{"line":11,"column":66}},"4":{"start":{"line":13,"column":39},"end":{"line":13,"column":93}},"5":{"start":{"line":15,"column":48},"end":{"line":15,"column":143}},"6":{"start":{"line":17,"column":0},"end":{"line":17,"column":66}}},"fnMap":{"0":{"name":"_interopRequireDefault","decl":{"start":{"line":13,"column":9},"end":{"line":13,"column":31}},"loc":{"start":{"line":13,"column":37},"end":{"line":13,"column":95}},"line":13},"1":{"name":"_taggedTemplateLiteral","decl":{"start":{"line":15,"column":9},"end":{"line":15,"column":31}},"loc":{"start":{"line":15,"column":46},"end":{"line":15,"column":145}},"line":15}},"branchMap":{"0":{"loc":{"start":{"line":13,"column":46},"end":{"line":13,"column":92}},"type":"cond-expr","locations":[{"start":{"line":13,"column":70},"end":{"line":13,"column":73}},{"start":{"line":13,"column":76},"end":{"line":13,"column":92}}],"line":13},"1":{"loc":{"start":{"line":13,"column":46},"end":{"line":13,"column":67}},"type":"binary-expr","locations":[{"start":{"line":13,"column":46},"end":{"line":13,"column":49}},{"start":{"line":13,"column":53},"end":{"line":13,"column":67}}],"line":13}},"s":{"0":1,"1":1,"2":1,"3":1,"4":1,"5":1,"6":1},"f":{"0":1,"1":1},"b":{"0":[1,0],"1":[1,1]},"_coverageSchema":"332fd63041d2c1bcb487cc26dd0d5f7d97098a6c","hash":"461a27a46a3d6b296251920c20c41e9db99e6317","contentHash":"ad71555e7a7b4ae77e80baf131d846e1_10.3.2"},"/Users/lucas/Documents/Development/opensource/movie-collection/app/components/header/Title.js":{"path":"/Users/lucas/Documents/Development/opensource/movie-collection/app/components/header/Title.js","statementMap":{"0":{"start":{"line":3,"column":0},"end":{"line":5,"column":3}},"1":{"start":{"line":7,"column":22},"end":{"line":7,"column":184}},"2":{"start":{"line":9,"column":24},"end":{"line":9,"column":52}},"3":{"start":{"line":11,"column":25},"end":{"line":11,"column":66}},"4":{"start":{"line":13,"column":39},"end":{"line":13,"column":93}},"5":{"start":{"line":15,"column":48},"end":{"line":15,"column":143}},"6":{"start":{"line":17,"column":0},"end":{"line":17,"column":64}}},"fnMap":{"0":{"name":"_interopRequireDefault","decl":{"start":{"line":13,"column":9},"end":{"line":13,"column":31}},"loc":{"start":{"line":13,"column":37},"end":{"line":13,"column":95}},"line":13},"1":{"name":"_taggedTemplateLiteral","decl":{"start":{"line":15,"column":9},"end":{"line":15,"column":31}},"loc":{"start":{"line":15,"column":46},"end":{"line":15,"column":145}},"line":15}},"branchMap":{"0":{"loc":{"start":{"line":13,"column":46},"end":{"line":13,"column":92}},"type":"cond-expr","locations":[{"start":{"line":13,"column":70},"end":{"line":13,"column":73}},{"start":{"line":13,"column":76},"end":{"line":13,"column":92}}],"line":13},"1":{"loc":{"start":{"line":13,"column":46},"end":{"line":13,"column":67}},"type":"binary-expr","locations":[{"start":{"line":13,"column":46},"end":{"line":13,"column":49}},{"start":{"line":13,"column":53},"end":{"line":13,"column":67}}],"line":13}},"s":{"0":1,"1":1,"2":1,"3":1,"4":1,"5":1,"6":1},"f":{"0":1,"1":1},"b":{"0":[1,0],"1":[1,1]},"_coverageSchema":"332fd63041d2c1bcb487cc26dd0d5f7d97098a6c","hash":"414941114a838b32caf085eef88a576cfe19d00f","contentHash":"15bd6393081f840b4551982ee90da8d7_10.3.2"},"/Users/lucas/Documents/Development/opensource/movie-collection/app/components/common/Button.js":{"path":"/Users/lucas/Documents/Development/opensource/movie-collection/app/components/common/Button.js","statementMap":{"0":{"start":{"line":3,"column":0},"end":{"line":5,"column":3}},"1":{"start":{"line":7,"column":22},"end":{"line":7,"column":542}},"2":{"start":{"line":9,"column":24},"end":{"line":9,"column":52}},"3":{"start":{"line":11,"column":25},"end":{"line":11,"column":66}},"4":{"start":{"line":13,"column":39},"end":{"line":13,"column":93}},"5":{"start":{"line":15,"column":48},"end":{"line":15,"column":143}},"6":{"start":{"line":17,"column":0},"end":{"line":17,"column":64}}},"fnMap":{"0":{"name":"_interopRequireDefault","decl":{"start":{"line":13,"column":9},"end":{"line":13,"column":31}},"loc":{"start":{"line":13,"column":37},"end":{"line":13,"column":95}},"line":13},"1":{"name":"_taggedTemplateLiteral","decl":{"start":{"line":15,"column":9},"end":{"line":15,"column":31}},"loc":{"start":{"line":15,"column":46},"end":{"line":15,"column":145}},"line":15}},"branchMap":{"0":{"loc":{"start":{"line":13,"column":46},"end":{"line":13,"column":92}},"type":"cond-expr","locations":[{"start":{"line":13,"column":70},"end":{"line":13,"column":73}},{"start":{"line":13,"column":76},"end":{"line":13,"column":92}}],"line":13},"1":{"loc":{"start":{"line":13,"column":46},"end":{"line":13,"column":67}},"type":"binary-expr","locations":[{"start":{"line":13,"column":46},"end":{"line":13,"column":49}},{"start":{"line":13,"column":53},"end":{"line":13,"column":67}}],"line":13}},"s":{"0":1,"1":1,"2":1,"3":1,"4":1,"5":1,"6":1},"f":{"0":1,"1":1},"b":{"0":[1,0],"1":[1,1]},"_coverageSchema":"332fd63041d2c1bcb487cc26dd0d5f7d97098a6c","hash":"42e577aae604415237f4f373682cfdc9744230fa","contentHash":"c0fed7ca0f803be3aa3be1a9edc76265_10.3.2"},"/Users/lucas/Documents/Development/opensource/movie-collection/app/components/main/Main.js":{"path":"/Users/lucas/Documents/Development/opensource/movie-collection/app/components/main/Main.js","statementMap":{"0":{"start":{"line":3,"column":0},"end":{"line":5,"column":3}},"1":{"start":{"line":7,"column":22},"end":{"line":7,"column":240}},"2":{"start":{"line":9,"column":24},"end":{"line":9,"column":52}},"3":{"start":{"line":11,"column":25},"end":{"line":11,"column":66}},"4":{"start":{"line":13,"column":39},"end":{"line":13,"column":93}},"5":{"start":{"line":15,"column":48},"end":{"line":15,"column":143}},"6":{"start":{"line":17,"column":0},"end":{"line":17,"column":66}}},"fnMap":{"0":{"name":"_interopRequireDefault","decl":{"start":{"line":13,"column":9},"end":{"line":13,"column":31}},"loc":{"start":{"line":13,"column":37},"end":{"line":13,"column":95}},"line":13},"1":{"name":"_taggedTemplateLiteral","decl":{"start":{"line":15,"column":9},"end":{"line":15,"column":31}},"loc":{"start":{"line":15,"column":46},"end":{"line":15,"column":145}},"line":15}},"branchMap":{"0":{"loc":{"start":{"line":13,"column":46},"end":{"line":13,"column":92}},"type":"cond-expr","locations":[{"start":{"line":13,"column":70},"end":{"line":13,"column":73}},{"start":{"line":13,"column":76},"end":{"line":13,"column":92}}],"line":13},"1":{"loc":{"start":{"line":13,"column":46},"end":{"line":13,"column":67}},"type":"binary-expr","locations":[{"start":{"line":13,"column":46},"end":{"line":13,"column":49}},{"start":{"line":13,"column":53},"end":{"line":13,"column":67}}],"line":13}},"s":{"0":1,"1":1,"2":1,"3":1,"4":1,"5":1,"6":1},"f":{"0":1,"1":1},"b":{"0":[1,0],"1":[1,1]},"_coverageSchema":"332fd63041d2c1bcb487cc26dd0d5f7d97098a6c","hash":"a5da6a7c60eff18080d374668d0b1ca0b86a638c","contentHash":"92c027dffd41f05cbad9e1a00d608d05_10.3.2"},"/Users/lucas/Documents/Development/opensource/movie-collection/app/components/movie/Movie.js":{"path":"/Users/lucas/Documents/Development/opensource/movie-collection/app/components/movie/Movie.js","statementMap":{"0":{"start":{"line":3,"column":0},"end":{"line":5,"column":3}},"1":{"start":{"line":7,"column":19},"end":{"line":7,"column":563}},"2":{"start":{"line":7,"column":76},"end":{"line":7,"column":347}},"3":{"start":{"line":7,"column":134},"end":{"line":7,"column":142}},"4":{"start":{"line":7,"column":144},"end":{"line":7,"column":199}},"5":{"start":{"line":7,"column":200},"end":{"line":7,"column":231}},"6":{"start":{"line":7,"column":232},"end":{"line":7,"column":286}},"7":{"start":{"line":7,"column":259},"end":{"line":7,"column":286}},"8":{"start":{"line":7,"column":287},"end":{"line":7,"column":345}},"9":{"start":{"line":7,"column":350},"end":{"line":7,"column":559}},"10":{"start":{"line":7,"column":407},"end":{"line":7,"column":475}},"11":{"start":{"line":7,"column":423},"end":{"line":7,"column":475}},"12":{"start":{"line":7,"column":476},"end":{"line":7,"column":536}},"13":{"start":{"line":7,"column":493},"end":{"line":7,"column":536}},"14":{"start":{"line":7,"column":537},"end":{"line":7,"column":556}},"15":{"start":{"line":9,"column":13},"end":{"line":9,"column":29}},"16":{"start":{"line":11,"column":14},"end":{"line":11,"column":44}},"17":{"start":{"line":13,"column":17},"end":{"line":13,"column":38}},"18":{"start":{"line":15,"column":18},"end":{"line":15,"column":52}},"19":{"start":{"line":17,"column":22},"end":{"line":17,"column":49}},"20":{"start":{"line":19,"column":23},"end":{"line":19,"column":62}},"21":{"start":{"line":21,"column":13},"end":{"line":21,"column":31}},"22":{"start":{"line":23,"column":14},"end":{"line":23,"column":44}},"23":{"start":{"line":25,"column":16},"end":{"line":25,"column":37}},"24":{"start":{"line":27,"column":17},"end":{"line":27,"column":50}},"25":{"start":{"line":29,"column":39},"end":{"line":29,"column":93}},"26":{"start":{"line":31,"column":50},"end":{"line":31,"column":151}},"27":{"start":{"line":31,"column":92},"end":{"line":31,"column":149}},"28":{"start":{"line":33,"column":50},"end":{"line":33,"column":151}},"29":{"start":{"line":33,"column":63},"end":{"line":33,"column":149}},"30":{"start":{"line":33,"column":152},"end":{"line":33,"column":238}},"31":{"start":{"line":35,"column":43},"end":{"line":35,"column":208}},"32":{"start":{"line":35,"column":106},"end":{"line":35,"column":206}},"33":{"start":{"line":35,"column":209},"end":{"line":35,"column":373}},"34":{"start":{"line":35,"column":374},"end":{"line":35,"column":492}},"35":{"start":{"line":35,"column":390},"end":{"line":35,"column":492}},"36":{"start":{"line":37,"column":12},"end":{"line":92,"column":19}},"37":{"start":{"line":38,"column":2},"end":{"line":38,"column":31}},"38":{"start":{"line":52,"column":2},"end":{"line":89,"column":6}},"39":{"start":{"line":55,"column":19},"end":{"line":55,"column":23}},"40":{"start":{"line":57,"column":25},"end":{"line":57,"column":41}},"41":{"start":{"line":58,"column":15},"end":{"line":58,"column":30}},"42":{"start":{"line":59,"column":23},"end":{"line":59,"column":46}},"43":{"start":{"line":60,"column":18},"end":{"line":60,"column":36}},"44":{"start":{"line":61,"column":21},"end":{"line":61,"column":42}},"45":{"start":{"line":62,"column":18},"end":{"line":62,"column":34}},"46":{"start":{"line":65,"column":6},"end":{"line":87,"column":8}},"47":{"start":{"line":71,"column":12},"end":{"line":71,"column":52}},"48":{"start":{"line":74,"column":12},"end":{"line":74,"column":53}},"49":{"start":{"line":91,"column":2},"end":{"line":91,"column":15}},"50":{"start":{"line":94,"column":0},"end":{"line":96,"column":2}},"51":{"start":{"line":98,"column":0},"end":{"line":98,"column":24}}},"fnMap":{"0":{"name":"(anonymous_0)","decl":{"start":{"line":7,"column":19},"end":{"line":7,"column":20}},"loc":{"start":{"line":7,"column":31},"end":{"line":7,"column":561}},"line":7},"1":{"name":"defineProperties","decl":{"start":{"line":7,"column":42},"end":{"line":7,"column":58}},"loc":{"start":{"line":7,"column":74},"end":{"line":7,"column":349}},"line":7},"2":{"name":"(anonymous_2)","decl":{"start":{"line":7,"column":357},"end":{"line":7,"column":358}},"loc":{"start":{"line":7,"column":405},"end":{"line":7,"column":558}},"line":7},"3":{"name":"_interopRequireDefault","decl":{"start":{"line":29,"column":9},"end":{"line":29,"column":31}},"loc":{"start":{"line":29,"column":37},"end":{"line":29,"column":95}},"line":29},"4":{"name":"_classCallCheck","decl":{"start":{"line":31,"column":9},"end":{"line":31,"column":24}},"loc":{"start":{"line":31,"column":48},"end":{"line":31,"column":153}},"line":31},"5":{"name":"_possibleConstructorReturn","decl":{"start":{"line":33,"column":9},"end":{"line":33,"column":35}},"loc":{"start":{"line":33,"column":48},"end":{"line":33,"column":240}},"line":33},"6":{"name":"_inherits","decl":{"start":{"line":35,"column":9},"end":{"line":35,"column":18}},"loc":{"start":{"line":35,"column":41},"end":{"line":35,"column":494}},"line":35},"7":{"name":"(anonymous_7)","decl":{"start":{"line":37,"column":12},"end":{"line":37,"column":13}},"loc":{"start":{"line":37,"column":34},"end":{"line":92,"column":1}},"line":37},"8":{"name":"render","decl":{"start":{"line":54,"column":20},"end":{"line":54,"column":26}},"loc":{"start":{"line":54,"column":29},"end":{"line":88,"column":5}},"line":54},"9":{"name":"onMouseOver","decl":{"start":{"line":70,"column":32},"end":{"line":70,"column":43}},"loc":{"start":{"line":70,"column":46},"end":{"line":72,"column":11}},"line":70},"10":{"name":"onMouseLeave","decl":{"start":{"line":73,"column":33},"end":{"line":73,"column":45}},"loc":{"start":{"line":73,"column":48},"end":{"line":75,"column":11}},"line":73}},"branchMap":{"0":{"loc":{"start":{"line":7,"column":168},"end":{"line":7,"column":198}},"type":"binary-expr","locations":[{"start":{"line":7,"column":168},"end":{"line":7,"column":189}},{"start":{"line":7,"column":193},"end":{"line":7,"column":198}}],"line":7},"1":{"loc":{"start":{"line":7,"column":232},"end":{"line":7,"column":286}},"type":"if","locations":[{"start":{"line":7,"column":232},"end":{"line":7,"column":286}},{"start":{"line":7,"column":232},"end":{"line":7,"column":286}}],"line":7},"2":{"loc":{"start":{"line":7,"column":407},"end":{"line":7,"column":475}},"type":"if","locations":[{"start":{"line":7,"column":407},"end":{"line":7,"column":475}},{"start":{"line":7,"column":407},"end":{"line":7,"column":475}}],"line":7},"3":{"loc":{"start":{"line":7,"column":476},"end":{"line":7,"column":536}},"type":"if","locations":[{"start":{"line":7,"column":476},"end":{"line":7,"column":536}},{"start":{"line":7,"column":476},"end":{"line":7,"column":536}}],"line":7},"4":{"loc":{"start":{"line":29,"column":46},"end":{"line":29,"column":92}},"type":"cond-expr","locations":[{"start":{"line":29,"column":70},"end":{"line":29,"column":73}},{"start":{"line":29,"column":76},"end":{"line":29,"column":92}}],"line":29},"5":{"loc":{"start":{"line":29,"column":46},"end":{"line":29,"column":67}},"type":"binary-expr","locations":[{"start":{"line":29,"column":46},"end":{"line":29,"column":49}},{"start":{"line":29,"column":53},"end":{"line":29,"column":67}}],"line":29},"6":{"loc":{"start":{"line":31,"column":50},"end":{"line":31,"column":151}},"type":"if","locations":[{"start":{"line":31,"column":50},"end":{"line":31,"column":151}},{"start":{"line":31,"column":50},"end":{"line":31,"column":151}}],"line":31},"7":{"loc":{"start":{"line":33,"column":50},"end":{"line":33,"column":151}},"type":"if","locations":[{"start":{"line":33,"column":50},"end":{"line":33,"column":151}},{"start":{"line":33,"column":50},"end":{"line":33,"column":151}}],"line":33},"8":{"loc":{"start":{"line":33,"column":159},"end":{"line":33,"column":237}},"type":"cond-expr","locations":[{"start":{"line":33,"column":226},"end":{"line":33,"column":230}},{"start":{"line":33,"column":233},"end":{"line":33,"column":237}}],"line":33},"9":{"loc":{"start":{"line":33,"column":159},"end":{"line":33,"column":223}},"type":"binary-expr","locations":[{"start":{"line":33,"column":159},"end":{"line":33,"column":163}},{"start":{"line":33,"column":168},"end":{"line":33,"column":192}},{"start":{"line":33,"column":196},"end":{"line":33,"column":222}}],"line":33},"10":{"loc":{"start":{"line":35,"column":43},"end":{"line":35,"column":208}},"type":"if","locations":[{"start":{"line":35,"column":43},"end":{"line":35,"column":208}},{"start":{"line":35,"column":43},"end":{"line":35,"column":208}}],"line":35},"11":{"loc":{"start":{"line":35,"column":47},"end":{"line":35,"column":102}},"type":"binary-expr","locations":[{"start":{"line":35,"column":47},"end":{"line":35,"column":79}},{"start":{"line":35,"column":83},"end":{"line":35,"column":102}}],"line":35},"12":{"loc":{"start":{"line":35,"column":244},"end":{"line":35,"column":278}},"type":"binary-expr","locations":[{"start":{"line":35,"column":244},"end":{"line":35,"column":254}},{"start":{"line":35,"column":258},"end":{"line":35,"column":278}}],"line":35},"13":{"loc":{"start":{"line":35,"column":374},"end":{"line":35,"column":492}},"type":"if","locations":[{"start":{"line":35,"column":374},"end":{"line":35,"column":492}},{"start":{"line":35,"column":374},"end":{"line":35,"column":492}}],"line":35},"14":{"loc":{"start":{"line":35,"column":390},"end":{"line":35,"column":491}},"type":"cond-expr","locations":[{"start":{"line":35,"column":414},"end":{"line":35,"column":457}},{"start":{"line":35,"column":460},"end":{"line":35,"column":491}}],"line":35}},"s":{"0":1,"1":1,"2":1,"3":1,"4":1,"5":1,"6":1,"7":1,"8":1,"9":1,"10":1,"11":1,"12":1,"13":0,"14":1,"15":1,"16":1,"17":1,"18":1,"19":1,"20":1,"21":1,"22":1,"23":1,"24":1,"25":5,"26":4,"27":0,"28":4,"29":0,"30":4,"31":1,"32":0,"33":1,"34":1,"35":1,"36":1,"37":1,"38":1,"39":6,"40":6,"41":6,"42":6,"43":6,"44":6,"45":6,"46":6,"47":1,"48":1,"49":1,"50":1,"51":1},"f":{"0":1,"1":1,"2":1,"3":5,"4":4,"5":4,"6":1,"7":1,"8":6,"9":1,"10":1},"b":{"0":[1,1],"1":[1,0],"2":[1,0],"3":[0,1],"4":[3,2],"5":[5,5],"6":[0,4],"7":[0,4],"8":[0,4],"9":[4,0,0],"10":[0,1],"11":[1,0],"12":[1,1],"13":[1,0],"14":[1,0]},"_coverageSchema":"332fd63041d2c1bcb487cc26dd0d5f7d97098a6c","hash":"001469e1a6dbd574093015c196b8b835d1d57c80","contentHash":"bb382eaacc8881813ebfb42ea03ab9cd_10.3.2"},"/Users/lucas/Documents/Development/opensource/movie-collection/app/components/movie/MovieContainer.js":{"path":"/Users/lucas/Documents/Development/opensource/movie-collection/app/components/movie/MovieContainer.js","statementMap":{"0":{"start":{"line":3,"column":0},"end":{"line":5,"column":3}},"1":{"start":{"line":7,"column":22},"end":{"line":7,"column":1178}},"2":{"start":{"line":9,"column":24},"end":{"line":9,"column":52}},"3":{"start":{"line":11,"column":25},"end":{"line":11,"column":66}},"4":{"start":{"line":13,"column":39},"end":{"line":13,"column":93}},"5":{"start":{"line":15,"column":48},"end":{"line":15,"column":143}},"6":{"start":{"line":17,"column":0},"end":{"line":19,"column":3}},"7":{"start":{"line":18,"column":2},"end":{"line":18,"column":104}}},"fnMap":{"0":{"name":"_interopRequireDefault","decl":{"start":{"line":13,"column":9},"end":{"line":13,"column":31}},"loc":{"start":{"line":13,"column":37},"end":{"line":13,"column":95}},"line":13},"1":{"name":"_taggedTemplateLiteral","decl":{"start":{"line":15,"column":9},"end":{"line":15,"column":31}},"loc":{"start":{"line":15,"column":46},"end":{"line":15,"column":145}},"line":15},"2":{"name":"(anonymous_2)","decl":{"start":{"line":17,"column":64},"end":{"line":17,"column":65}},"loc":{"start":{"line":17,"column":81},"end":{"line":19,"column":1}},"line":17}},"branchMap":{"0":{"loc":{"start":{"line":13,"column":46},"end":{"line":13,"column":92}},"type":"cond-expr","locations":[{"start":{"line":13,"column":70},"end":{"line":13,"column":73}},{"start":{"line":13,"column":76},"end":{"line":13,"column":92}}],"line":13},"1":{"loc":{"start":{"line":13,"column":46},"end":{"line":13,"column":67}},"type":"binary-expr","locations":[{"start":{"line":13,"column":46},"end":{"line":13,"column":49}},{"start":{"line":13,"column":53},"end":{"line":13,"column":67}}],"line":13}},"s":{"0":1,"1":1,"2":1,"3":1,"4":1,"5":1,"6":1,"7":6},"f":{"0":1,"1":1,"2":6},"b":{"0":[1,0],"1":[1,1]},"_coverageSchema":"332fd63041d2c1bcb487cc26dd0d5f7d97098a6c","hash":"56a4230d5bd9f149fb5342672c188a672c04b556","contentHash":"6795abb66e5b50c32bbf595e58680493_10.3.2"},"/Users/lucas/Documents/Development/opensource/movie-collection/app/components/movie/Title.js":{"path":"/Users/lucas/Documents/Development/opensource/movie-collection/app/components/movie/Title.js","statementMap":{"0":{"start":{"line":3,"column":0},"end":{"line":5,"column":3}},"1":{"start":{"line":7,"column":22},"end":{"line":7,"column":310}},"2":{"start":{"line":9,"column":24},"end":{"line":9,"column":52}},"3":{"start":{"line":11,"column":25},"end":{"line":11,"column":66}},"4":{"start":{"line":13,"column":39},"end":{"line":13,"column":93}},"5":{"start":{"line":15,"column":48},"end":{"line":15,"column":143}},"6":{"start":{"line":17,"column":0},"end":{"line":19,"column":3}},"7":{"start":{"line":18,"column":2},"end":{"line":18,"column":60}}},"fnMap":{"0":{"name":"_interopRequireDefault","decl":{"start":{"line":13,"column":9},"end":{"line":13,"column":31}},"loc":{"start":{"line":13,"column":37},"end":{"line":13,"column":95}},"line":13},"1":{"name":"_taggedTemplateLiteral","decl":{"start":{"line":15,"column":9},"end":{"line":15,"column":31}},"loc":{"start":{"line":15,"column":46},"end":{"line":15,"column":145}},"line":15},"2":{"name":"(anonymous_2)","decl":{"start":{"line":17,"column":67},"end":{"line":17,"column":68}},"loc":{"start":{"line":17,"column":84},"end":{"line":19,"column":1}},"line":17}},"branchMap":{"0":{"loc":{"start":{"line":13,"column":46},"end":{"line":13,"column":92}},"type":"cond-expr","locations":[{"start":{"line":13,"column":70},"end":{"line":13,"column":73}},{"start":{"line":13,"column":76},"end":{"line":13,"column":92}}],"line":13},"1":{"loc":{"start":{"line":13,"column":46},"end":{"line":13,"column":67}},"type":"binary-expr","locations":[{"start":{"line":13,"column":46},"end":{"line":13,"column":49}},{"start":{"line":13,"column":53},"end":{"line":13,"column":67}}],"line":13},"2":{"loc":{"start":{"line":18,"column":9},"end":{"line":18,"column":59}},"type":"cond-expr","locations":[{"start":{"line":18,"column":23},"end":{"line":18,"column":38}},{"start":{"line":18,"column":41},"end":{"line":18,"column":59}}],"line":18}},"s":{"0":1,"1":1,"2":1,"3":1,"4":1,"5":1,"6":1,"7":8},"f":{"0":1,"1":1,"2":8},"b":{"0":[1,0],"1":[1,1],"2":[2,6]},"_coverageSchema":"332fd63041d2c1bcb487cc26dd0d5f7d97098a6c","hash":"39681377975de702fa8ee290837a76fcddff970f","contentHash":"6988e94ed72580eaeb63049ff641c588_10.3.2"},"/Users/lucas/Documents/Development/opensource/movie-collection/app/components/movie/Synopsis.js":{"path":"/Users/lucas/Documents/Development/opensource/movie-collection/app/components/movie/Synopsis.js","statementMap":{"0":{"start":{"line":3,"column":0},"end":{"line":5,"column":3}},"1":{"start":{"line":7,"column":22},"end":{"line":7,"column":576}},"2":{"start":{"line":9,"column":24},"end":{"line":9,"column":52}},"3":{"start":{"line":11,"column":25},"end":{"line":11,"column":66}},"4":{"start":{"line":13,"column":39},"end":{"line":13,"column":93}},"5":{"start":{"line":15,"column":48},"end":{"line":15,"column":143}},"6":{"start":{"line":17,"column":0},"end":{"line":19,"column":3}},"7":{"start":{"line":18,"column":2},"end":{"line":18,"column":60}}},"fnMap":{"0":{"name":"_interopRequireDefault","decl":{"start":{"line":13,"column":9},"end":{"line":13,"column":31}},"loc":{"start":{"line":13,"column":37},"end":{"line":13,"column":95}},"line":13},"1":{"name":"_taggedTemplateLiteral","decl":{"start":{"line":15,"column":9},"end":{"line":15,"column":31}},"loc":{"start":{"line":15,"column":46},"end":{"line":15,"column":145}},"line":15},"2":{"name":"(anonymous_2)","decl":{"start":{"line":17,"column":64},"end":{"line":17,"column":65}},"loc":{"start":{"line":17,"column":81},"end":{"line":19,"column":1}},"line":17}},"branchMap":{"0":{"loc":{"start":{"line":13,"column":46},"end":{"line":13,"column":92}},"type":"cond-expr","locations":[{"start":{"line":13,"column":70},"end":{"line":13,"column":73}},{"start":{"line":13,"column":76},"end":{"line":13,"column":92}}],"line":13},"1":{"loc":{"start":{"line":13,"column":46},"end":{"line":13,"column":67}},"type":"binary-expr","locations":[{"start":{"line":13,"column":46},"end":{"line":13,"column":49}},{"start":{"line":13,"column":53},"end":{"line":13,"column":67}}],"line":13},"2":{"loc":{"start":{"line":18,"column":9},"end":{"line":18,"column":59}},"type":"cond-expr","locations":[{"start":{"line":18,"column":23},"end":{"line":18,"column":38}},{"start":{"line":18,"column":41},"end":{"line":18,"column":59}}],"line":18}},"s":{"0":1,"1":1,"2":1,"3":1,"4":1,"5":1,"6":1,"7":8},"f":{"0":1,"1":1,"2":8},"b":{"0":[1,0],"1":[1,1],"2":[2,6]},"_coverageSchema":"332fd63041d2c1bcb487cc26dd0d5f7d97098a6c","hash":"163bc1b06424df9dd874731bedd3b3ded1435243","contentHash":"537fa3c00de0f4d33d237fde176c51ad_10.3.2"},"/Users/lucas/Documents/Development/opensource/movie-collection/app/components/movie-details/MovieDetailsContainer.js":{"path":"/Users/lucas/Documents/Development/opensource/movie-collection/app/components/movie-details/MovieDetailsContainer.js","statementMap":{"0":{"start":{"line":3,"column":0},"end":{"line":5,"column":3}},"1":{"start":{"line":7,"column":22},"end":{"line":7,"column":434}},"2":{"start":{"line":9,"column":24},"end":{"line":9,"column":52}},"3":{"start":{"line":11,"column":25},"end":{"line":11,"column":66}},"4":{"start":{"line":13,"column":39},"end":{"line":13,"column":93}},"5":{"start":{"line":15,"column":48},"end":{"line":15,"column":143}},"6":{"start":{"line":17,"column":0},"end":{"line":17,"column":66}}},"fnMap":{"0":{"name":"_interopRequireDefault","decl":{"start":{"line":13,"column":9},"end":{"line":13,"column":31}},"loc":{"start":{"line":13,"column":37},"end":{"line":13,"column":95}},"line":13},"1":{"name":"_taggedTemplateLiteral","decl":{"start":{"line":15,"column":9},"end":{"line":15,"column":31}},"loc":{"start":{"line":15,"column":46},"end":{"line":15,"column":145}},"line":15}},"branchMap":{"0":{"loc":{"start":{"line":13,"column":46},"end":{"line":13,"column":92}},"type":"cond-expr","locations":[{"start":{"line":13,"column":70},"end":{"line":13,"column":73}},{"start":{"line":13,"column":76},"end":{"line":13,"column":92}}],"line":13},"1":{"loc":{"start":{"line":13,"column":46},"end":{"line":13,"column":67}},"type":"binary-expr","locations":[{"start":{"line":13,"column":46},"end":{"line":13,"column":49}},{"start":{"line":13,"column":53},"end":{"line":13,"column":67}}],"line":13}},"s":{"0":1,"1":1,"2":1,"3":1,"4":1,"5":1,"6":1},"f":{"0":1,"1":1},"b":{"0":[1,0],"1":[1,1]},"_coverageSchema":"332fd63041d2c1bcb487cc26dd0d5f7d97098a6c","hash":"baff1f663b6ec638c01d9ddd562c10764438953e","contentHash":"4678cee6c85d6d139ac0afe7f7a54d07_10.3.2"},"/Users/lucas/Documents/Development/opensource/movie-collection/app/components/movie-details/MovieDetailsImage.js":{"path":"/Users/lucas/Documents/Development/opensource/movie-collection/app/components/movie-details/MovieDetailsImage.js","statementMap":{"0":{"start":{"line":3,"column":0},"end":{"line":5,"column":3}},"1":{"start":{"line":7,"column":19},"end":{"line":7,"column":563}},"2":{"start":{"line":7,"column":76},"end":{"line":7,"column":347}},"3":{"start":{"line":7,"column":134},"end":{"line":7,"column":142}},"4":{"start":{"line":7,"column":144},"end":{"line":7,"column":199}},"5":{"start":{"line":7,"column":200},"end":{"line":7,"column":231}},"6":{"start":{"line":7,"column":232},"end":{"line":7,"column":286}},"7":{"start":{"line":7,"column":259},"end":{"line":7,"column":286}},"8":{"start":{"line":7,"column":287},"end":{"line":7,"column":345}},"9":{"start":{"line":7,"column":350},"end":{"line":7,"column":559}},"10":{"start":{"line":7,"column":407},"end":{"line":7,"column":475}},"11":{"start":{"line":7,"column":423},"end":{"line":7,"column":475}},"12":{"start":{"line":7,"column":476},"end":{"line":7,"column":536}},"13":{"start":{"line":7,"column":493},"end":{"line":7,"column":536}},"14":{"start":{"line":7,"column":537},"end":{"line":7,"column":556}},"15":{"start":{"line":9,"column":14},"end":{"line":9,"column":31}},"16":{"start":{"line":11,"column":15},"end":{"line":11,"column":46}},"17":{"start":{"line":13,"column":13},"end":{"line":13,"column":29}},"18":{"start":{"line":15,"column":14},"end":{"line":15,"column":44}},"19":{"start":{"line":17,"column":17},"end":{"line":17,"column":38}},"20":{"start":{"line":19,"column":18},"end":{"line":19,"column":52}},"21":{"start":{"line":21,"column":22},"end":{"line":21,"column":49}},"22":{"start":{"line":23,"column":23},"end":{"line":23,"column":62}},"23":{"start":{"line":25,"column":19},"end":{"line":25,"column":43}},"24":{"start":{"line":27,"column":20},"end":{"line":27,"column":56}},"25":{"start":{"line":29,"column":16},"end":{"line":29,"column":45}},"26":{"start":{"line":31,"column":17},"end":{"line":31,"column":50}},"27":{"start":{"line":33,"column":16},"end":{"line":33,"column":45}},"28":{"start":{"line":35,"column":17},"end":{"line":35,"column":50}},"29":{"start":{"line":37,"column":39},"end":{"line":37,"column":93}},"30":{"start":{"line":39,"column":50},"end":{"line":39,"column":151}},"31":{"start":{"line":39,"column":92},"end":{"line":39,"column":149}},"32":{"start":{"line":41,"column":50},"end":{"line":41,"column":151}},"33":{"start":{"line":41,"column":63},"end":{"line":41,"column":149}},"34":{"start":{"line":41,"column":152},"end":{"line":41,"column":238}},"35":{"start":{"line":43,"column":43},"end":{"line":43,"column":208}},"36":{"start":{"line":43,"column":106},"end":{"line":43,"column":206}},"37":{"start":{"line":43,"column":209},"end":{"line":43,"column":373}},"38":{"start":{"line":43,"column":374},"end":{"line":43,"column":492}},"39":{"start":{"line":43,"column":390},"end":{"line":43,"column":492}},"40":{"start":{"line":45,"column":24},"end":{"line":94,"column":19}},"41":{"start":{"line":46,"column":2},"end":{"line":46,"column":43}},"42":{"start":{"line":49,"column":4},"end":{"line":49,"column":45}},"43":{"start":{"line":51,"column":4},"end":{"line":51,"column":142}},"44":{"start":{"line":54,"column":2},"end":{"line":91,"column":6}},"45":{"start":{"line":57,"column":17},"end":{"line":57,"column":27}},"46":{"start":{"line":58,"column":19},"end":{"line":58,"column":31}},"47":{"start":{"line":59,"column":17},"end":{"line":59,"column":27}},"48":{"start":{"line":62,"column":6},"end":{"line":72,"column":8}},"49":{"start":{"line":67,"column":12},"end":{"line":67,"column":26}},"50":{"start":{"line":77,"column":19},"end":{"line":77,"column":29}},"51":{"start":{"line":78,"column":18},"end":{"line":78,"column":30}},"52":{"start":{"line":79,"column":23},"end":{"line":79,"column":40}},"53":{"start":{"line":81,"column":19},"end":{"line":81,"column":238}},"54":{"start":{"line":83,"column":6},"end":{"line":89,"column":8}},"55":{"start":{"line":93,"column":2},"end":{"line":93,"column":27}},"56":{"start":{"line":96,"column":0},"end":{"line":101,"column":2}},"57":{"start":{"line":103,"column":0},"end":{"line":103,"column":36}}},"fnMap":{"0":{"name":"(anonymous_0)","decl":{"start":{"line":7,"column":19},"end":{"line":7,"column":20}},"loc":{"start":{"line":7,"column":31},"end":{"line":7,"column":561}},"line":7},"1":{"name":"defineProperties","decl":{"start":{"line":7,"column":42},"end":{"line":7,"column":58}},"loc":{"start":{"line":7,"column":74},"end":{"line":7,"column":349}},"line":7},"2":{"name":"(anonymous_2)","decl":{"start":{"line":7,"column":357},"end":{"line":7,"column":358}},"loc":{"start":{"line":7,"column":405},"end":{"line":7,"column":558}},"line":7},"3":{"name":"_interopRequireDefault","decl":{"start":{"line":37,"column":9},"end":{"line":37,"column":31}},"loc":{"start":{"line":37,"column":37},"end":{"line":37,"column":95}},"line":37},"4":{"name":"_classCallCheck","decl":{"start":{"line":39,"column":9},"end":{"line":39,"column":24}},"loc":{"start":{"line":39,"column":48},"end":{"line":39,"column":153}},"line":39},"5":{"name":"_possibleConstructorReturn","decl":{"start":{"line":41,"column":9},"end":{"line":41,"column":35}},"loc":{"start":{"line":41,"column":48},"end":{"line":41,"column":240}},"line":41},"6":{"name":"_inherits","decl":{"start":{"line":43,"column":9},"end":{"line":43,"column":18}},"loc":{"start":{"line":43,"column":41},"end":{"line":43,"column":494}},"line":43},"7":{"name":"(anonymous_7)","decl":{"start":{"line":45,"column":24},"end":{"line":45,"column":25}},"loc":{"start":{"line":45,"column":46},"end":{"line":94,"column":1}},"line":45},"8":{"name":"MovieDetailsImage","decl":{"start":{"line":48,"column":11},"end":{"line":48,"column":28}},"loc":{"start":{"line":48,"column":31},"end":{"line":52,"column":3}},"line":48},"9":{"name":"renderArrowIcon","decl":{"start":{"line":56,"column":20},"end":{"line":56,"column":35}},"loc":{"start":{"line":56,"column":50},"end":{"line":73,"column":5}},"line":56},"10":{"name":"onClick","decl":{"start":{"line":66,"column":28},"end":{"line":66,"column":35}},"loc":{"start":{"line":66,"column":38},"end":{"line":68,"column":11}},"line":66},"11":{"name":"render","decl":{"start":{"line":76,"column":20},"end":{"line":76,"column":26}},"loc":{"start":{"line":76,"column":29},"end":{"line":90,"column":5}},"line":76}},"branchMap":{"0":{"loc":{"start":{"line":7,"column":168},"end":{"line":7,"column":198}},"type":"binary-expr","locations":[{"start":{"line":7,"column":168},"end":{"line":7,"column":189}},{"start":{"line":7,"column":193},"end":{"line":7,"column":198}}],"line":7},"1":{"loc":{"start":{"line":7,"column":232},"end":{"line":7,"column":286}},"type":"if","locations":[{"start":{"line":7,"column":232},"end":{"line":7,"column":286}},{"start":{"line":7,"column":232},"end":{"line":7,"column":286}}],"line":7},"2":{"loc":{"start":{"line":7,"column":407},"end":{"line":7,"column":475}},"type":"if","locations":[{"start":{"line":7,"column":407},"end":{"line":7,"column":475}},{"start":{"line":7,"column":407},"end":{"line":7,"column":475}}],"line":7},"3":{"loc":{"start":{"line":7,"column":476},"end":{"line":7,"column":536}},"type":"if","locations":[{"start":{"line":7,"column":476},"end":{"line":7,"column":536}},{"start":{"line":7,"column":476},"end":{"line":7,"column":536}}],"line":7},"4":{"loc":{"start":{"line":37,"column":46},"end":{"line":37,"column":92}},"type":"cond-expr","locations":[{"start":{"line":37,"column":70},"end":{"line":37,"column":73}},{"start":{"line":37,"column":76},"end":{"line":37,"column":92}}],"line":37},"5":{"loc":{"start":{"line":37,"column":46},"end":{"line":37,"column":67}},"type":"binary-expr","locations":[{"start":{"line":37,"column":46},"end":{"line":37,"column":49}},{"start":{"line":37,"column":53},"end":{"line":37,"column":67}}],"line":37},"6":{"loc":{"start":{"line":39,"column":50},"end":{"line":39,"column":151}},"type":"if","locations":[{"start":{"line":39,"column":50},"end":{"line":39,"column":151}},{"start":{"line":39,"column":50},"end":{"line":39,"column":151}}],"line":39},"7":{"loc":{"start":{"line":41,"column":50},"end":{"line":41,"column":151}},"type":"if","locations":[{"start":{"line":41,"column":50},"end":{"line":41,"column":151}},{"start":{"line":41,"column":50},"end":{"line":41,"column":151}}],"line":41},"8":{"loc":{"start":{"line":41,"column":159},"end":{"line":41,"column":237}},"type":"cond-expr","locations":[{"start":{"line":41,"column":226},"end":{"line":41,"column":230}},{"start":{"line":41,"column":233},"end":{"line":41,"column":237}}],"line":41},"9":{"loc":{"start":{"line":41,"column":159},"end":{"line":41,"column":223}},"type":"binary-expr","locations":[{"start":{"line":41,"column":159},"end":{"line":41,"column":163}},{"start":{"line":41,"column":168},"end":{"line":41,"column":192}},{"start":{"line":41,"column":196},"end":{"line":41,"column":222}}],"line":41},"10":{"loc":{"start":{"line":43,"column":43},"end":{"line":43,"column":208}},"type":"if","locations":[{"start":{"line":43,"column":43},"end":{"line":43,"column":208}},{"start":{"line":43,"column":43},"end":{"line":43,"column":208}}],"line":43},"11":{"loc":{"start":{"line":43,"column":47},"end":{"line":43,"column":102}},"type":"binary-expr","locations":[{"start":{"line":43,"column":47},"end":{"line":43,"column":79}},{"start":{"line":43,"column":83},"end":{"line":43,"column":102}}],"line":43},"12":{"loc":{"start":{"line":43,"column":244},"end":{"line":43,"column":278}},"type":"binary-expr","locations":[{"start":{"line":43,"column":244},"end":{"line":43,"column":254}},{"start":{"line":43,"column":258},"end":{"line":43,"column":278}}],"line":43},"13":{"loc":{"start":{"line":43,"column":374},"end":{"line":43,"column":492}},"type":"if","locations":[{"start":{"line":43,"column":374},"end":{"line":43,"column":492}},{"start":{"line":43,"column":374},"end":{"line":43,"column":492}}],"line":43},"14":{"loc":{"start":{"line":43,"column":390},"end":{"line":43,"column":491}},"type":"cond-expr","locations":[{"start":{"line":43,"column":414},"end":{"line":43,"column":457}},{"start":{"line":43,"column":460},"end":{"line":43,"column":491}}],"line":43},"15":{"loc":{"start":{"line":51,"column":45},"end":{"line":51,"column":116}},"type":"binary-expr","locations":[{"start":{"line":51,"column":45},"end":{"line":51,"column":72}},{"start":{"line":51,"column":76},"end":{"line":51,"column":116}}],"line":51},"16":{"loc":{"start":{"line":88,"column":8},"end":{"line":88,"column":72}},"type":"binary-expr","locations":[{"start":{"line":88,"column":8},"end":{"line":88,"column":18}},{"start":{"line":88,"column":22},"end":{"line":88,"column":72}}],"line":88}},"s":{"0":1,"1":1,"2":1,"3":2,"4":2,"5":2,"6":2,"7":2,"8":2,"9":1,"10":1,"11":1,"12":1,"13":0,"14":1,"15":1,"16":1,"17":1,"18":1,"19":1,"20":1,"21":1,"22":1,"23":1,"24":1,"25":1,"26":1,"27":1,"28":1,"29":7,"30":5,"31":0,"32":5,"33":0,"34":5,"35":1,"36":0,"37":1,"38":1,"39":1,"40":1,"41":1,"42":5,"43":5,"44":1,"45":10,"46":10,"47":10,"48":10,"49":4,"50":5,"51":5,"52":5,"53":5,"54":5,"55":1,"56":1,"57":1},"f":{"0":1,"1":1,"2":1,"3":7,"4":5,"5":5,"6":1,"7":1,"8":5,"9":10,"10":4,"11":5},"b":{"0":[2,2],"1":[2,0],"2":[1,0],"3":[0,1],"4":[4,3],"5":[7,7],"6":[0,5],"7":[0,5],"8":[0,5],"9":[5,0,0],"10":[0,1],"11":[1,0],"12":[1,1],"13":[1,0],"14":[1,0],"15":[5,0],"16":[5,5]},"_coverageSchema":"332fd63041d2c1bcb487cc26dd0d5f7d97098a6c","hash":"c4c99adbefecaee8545faa9757ef5daa87d5cbee","contentHash":"0400204929f1507267e53020db24cac2_10.3.2"},"/Users/lucas/Documents/Development/opensource/movie-collection/app/components/movie-details/ImageContainer.js":{"path":"/Users/lucas/Documents/Development/opensource/movie-collection/app/components/movie-details/ImageContainer.js","statementMap":{"0":{"start":{"line":3,"column":0},"end":{"line":5,"column":3}},"1":{"start":{"line":7,"column":22},"end":{"line":7,"column":344}},"2":{"start":{"line":9,"column":24},"end":{"line":9,"column":52}},"3":{"start":{"line":11,"column":25},"end":{"line":11,"column":66}},"4":{"start":{"line":13,"column":39},"end":{"line":13,"column":93}},"5":{"start":{"line":15,"column":48},"end":{"line":15,"column":143}},"6":{"start":{"line":17,"column":0},"end":{"line":19,"column":3}},"7":{"start":{"line":18,"column":2},"end":{"line":18,"column":60}}},"fnMap":{"0":{"name":"_interopRequireDefault","decl":{"start":{"line":13,"column":9},"end":{"line":13,"column":31}},"loc":{"start":{"line":13,"column":37},"end":{"line":13,"column":95}},"line":13},"1":{"name":"_taggedTemplateLiteral","decl":{"start":{"line":15,"column":9},"end":{"line":15,"column":31}},"loc":{"start":{"line":15,"column":46},"end":{"line":15,"column":145}},"line":15},"2":{"name":"(anonymous_2)","decl":{"start":{"line":17,"column":66},"end":{"line":17,"column":67}},"loc":{"start":{"line":17,"column":83},"end":{"line":19,"column":1}},"line":17}},"branchMap":{"0":{"loc":{"start":{"line":13,"column":46},"end":{"line":13,"column":92}},"type":"cond-expr","locations":[{"start":{"line":13,"column":70},"end":{"line":13,"column":73}},{"start":{"line":13,"column":76},"end":{"line":13,"column":92}}],"line":13},"1":{"loc":{"start":{"line":13,"column":46},"end":{"line":13,"column":67}},"type":"binary-expr","locations":[{"start":{"line":13,"column":46},"end":{"line":13,"column":49}},{"start":{"line":13,"column":53},"end":{"line":13,"column":67}}],"line":13}},"s":{"0":1,"1":1,"2":1,"3":1,"4":1,"5":1,"6":1,"7":5},"f":{"0":1,"1":1,"2":5},"b":{"0":[1,0],"1":[1,1]},"_coverageSchema":"332fd63041d2c1bcb487cc26dd0d5f7d97098a6c","hash":"2774d0785311fd8263617d04cb3e1f8445a35322","contentHash":"d50fd0b0061e15c127d5e357525143dd_10.3.2"},"/Users/lucas/Documents/Development/opensource/movie-collection/app/components/movie-details/ArrowButton.js":{"path":"/Users/lucas/Documents/Development/opensource/movie-collection/app/components/movie-details/ArrowButton.js","statementMap":{"0":{"start":{"line":3,"column":0},"end":{"line":5,"column":3}},"1":{"start":{"line":7,"column":22},"end":{"line":7,"column":670}},"2":{"start":{"line":9,"column":24},"end":{"line":9,"column":52}},"3":{"start":{"line":11,"column":25},"end":{"line":11,"column":66}},"4":{"start":{"line":13,"column":39},"end":{"line":13,"column":93}},"5":{"start":{"line":15,"column":48},"end":{"line":15,"column":143}},"6":{"start":{"line":17,"column":0},"end":{"line":23,"column":3}},"7":{"start":{"line":18,"column":2},"end":{"line":18,"column":121}},"8":{"start":{"line":20,"column":2},"end":{"line":20,"column":33}},"9":{"start":{"line":22,"column":2},"end":{"line":22,"column":33}}},"fnMap":{"0":{"name":"_interopRequireDefault","decl":{"start":{"line":13,"column":9},"end":{"line":13,"column":31}},"loc":{"start":{"line":13,"column":37},"end":{"line":13,"column":95}},"line":13},"1":{"name":"_taggedTemplateLiteral","decl":{"start":{"line":15,"column":9},"end":{"line":15,"column":31}},"loc":{"start":{"line":15,"column":46},"end":{"line":15,"column":145}},"line":15},"2":{"name":"(anonymous_2)","decl":{"start":{"line":17,"column":64},"end":{"line":17,"column":65}},"loc":{"start":{"line":17,"column":81},"end":{"line":19,"column":1}},"line":17},"3":{"name":"(anonymous_3)","decl":{"start":{"line":19,"column":3},"end":{"line":19,"column":4}},"loc":{"start":{"line":19,"column":20},"end":{"line":21,"column":1}},"line":19},"4":{"name":"(anonymous_4)","decl":{"start":{"line":21,"column":3},"end":{"line":21,"column":4}},"loc":{"start":{"line":21,"column":20},"end":{"line":23,"column":1}},"line":21}},"branchMap":{"0":{"loc":{"start":{"line":13,"column":46},"end":{"line":13,"column":92}},"type":"cond-expr","locations":[{"start":{"line":13,"column":70},"end":{"line":13,"column":73}},{"start":{"line":13,"column":76},"end":{"line":13,"column":92}}],"line":13},"1":{"loc":{"start":{"line":13,"column":46},"end":{"line":13,"column":67}},"type":"binary-expr","locations":[{"start":{"line":13,"column":46},"end":{"line":13,"column":49}},{"start":{"line":13,"column":53},"end":{"line":13,"column":67}}],"line":13},"2":{"loc":{"start":{"line":18,"column":9},"end":{"line":18,"column":120}},"type":"cond-expr","locations":[{"start":{"line":18,"column":24},"end":{"line":18,"column":70}},{"start":{"line":18,"column":73},"end":{"line":18,"column":120}}],"line":18},"3":{"loc":{"start":{"line":20,"column":9},"end":{"line":20,"column":32}},"type":"cond-expr","locations":[{"start":{"line":20,"column":24},"end":{"line":20,"column":26}},{"start":{"line":20,"column":29},"end":{"line":20,"column":32}}],"line":20},"4":{"loc":{"start":{"line":22,"column":9},"end":{"line":22,"column":32}},"type":"cond-expr","locations":[{"start":{"line":22,"column":24},"end":{"line":22,"column":27}},{"start":{"line":22,"column":30},"end":{"line":22,"column":32}}],"line":22}},"s":{"0":1,"1":1,"2":1,"3":1,"4":1,"5":1,"6":1,"7":10,"8":10,"9":10},"f":{"0":1,"1":1,"2":10,"3":10,"4":10},"b":{"0":[1,0],"1":[1,1],"2":[5,5],"3":[5,5],"4":[5,5]},"_coverageSchema":"332fd63041d2c1bcb487cc26dd0d5f7d97098a6c","hash":"8df57086a59e3cc56d75e22ed4ff7c11d58e5b82","contentHash":"5b1b41c8f13bd2e3b067967e9b56eded_10.3.2"},"/Users/lucas/Documents/Development/opensource/movie-collection/app/components/common/PrevIcon.js":{"path":"/Users/lucas/Documents/Development/opensource/movie-collection/app/components/common/PrevIcon.js","statementMap":{"0":{"start":{"line":3,"column":0},"end":{"line":5,"column":3}},"1":{"start":{"line":7,"column":13},"end":{"line":7,"column":29}},"2":{"start":{"line":9,"column":14},"end":{"line":9,"column":44}},"3":{"start":{"line":11,"column":39},"end":{"line":11,"column":93}},"4":{"start":{"line":13,"column":15},"end":{"line":20,"column":1}},"5":{"start":{"line":14,"column":2},"end":{"line":19,"column":4}},"6":{"start":{"line":22,"column":0},"end":{"line":22,"column":27}}},"fnMap":{"0":{"name":"_interopRequireDefault","decl":{"start":{"line":11,"column":9},"end":{"line":11,"column":31}},"loc":{"start":{"line":11,"column":37},"end":{"line":11,"column":95}},"line":11},"1":{"name":"PrevIcon","decl":{"start":{"line":13,"column":24},"end":{"line":13,"column":32}},"loc":{"start":{"line":13,"column":35},"end":{"line":20,"column":1}},"line":13}},"branchMap":{"0":{"loc":{"start":{"line":11,"column":46},"end":{"line":11,"column":92}},"type":"cond-expr","locations":[{"start":{"line":11,"column":70},"end":{"line":11,"column":73}},{"start":{"line":11,"column":76},"end":{"line":11,"column":92}}],"line":11},"1":{"loc":{"start":{"line":11,"column":46},"end":{"line":11,"column":67}},"type":"binary-expr","locations":[{"start":{"line":11,"column":46},"end":{"line":11,"column":49}},{"start":{"line":11,"column":53},"end":{"line":11,"column":67}}],"line":11}},"s":{"0":1,"1":1,"2":1,"3":1,"4":1,"5":5,"6":1},"f":{"0":1,"1":5},"b":{"0":[0,1],"1":[1,1]},"_coverageSchema":"332fd63041d2c1bcb487cc26dd0d5f7d97098a6c","hash":"45d7188146df95944368add4f94439ea4a4c02aa","contentHash":"171c785abe7a4af44ed05d04a35bff01_10.3.2"},"/Users/lucas/Documents/Development/opensource/movie-collection/app/components/common/NextIcon.js":{"path":"/Users/lucas/Documents/Development/opensource/movie-collection/app/components/common/NextIcon.js","statementMap":{"0":{"start":{"line":3,"column":0},"end":{"line":5,"column":3}},"1":{"start":{"line":7,"column":13},"end":{"line":7,"column":29}},"2":{"start":{"line":9,"column":14},"end":{"line":9,"column":44}},"3":{"start":{"line":11,"column":39},"end":{"line":11,"column":93}},"4":{"start":{"line":13,"column":15},"end":{"line":20,"column":1}},"5":{"start":{"line":14,"column":2},"end":{"line":19,"column":4}},"6":{"start":{"line":22,"column":0},"end":{"line":22,"column":27}}},"fnMap":{"0":{"name":"_interopRequireDefault","decl":{"start":{"line":11,"column":9},"end":{"line":11,"column":31}},"loc":{"start":{"line":11,"column":37},"end":{"line":11,"column":95}},"line":11},"1":{"name":"NextIcon","decl":{"start":{"line":13,"column":24},"end":{"line":13,"column":32}},"loc":{"start":{"line":13,"column":35},"end":{"line":20,"column":1}},"line":13}},"branchMap":{"0":{"loc":{"start":{"line":11,"column":46},"end":{"line":11,"column":92}},"type":"cond-expr","locations":[{"start":{"line":11,"column":70},"end":{"line":11,"column":73}},{"start":{"line":11,"column":76},"end":{"line":11,"column":92}}],"line":11},"1":{"loc":{"start":{"line":11,"column":46},"end":{"line":11,"column":67}},"type":"binary-expr","locations":[{"start":{"line":11,"column":46},"end":{"line":11,"column":49}},{"start":{"line":11,"column":53},"end":{"line":11,"column":67}}],"line":11}},"s":{"0":1,"1":1,"2":1,"3":1,"4":1,"5":5,"6":1},"f":{"0":1,"1":5},"b":{"0":[0,1],"1":[1,1]},"_coverageSchema":"332fd63041d2c1bcb487cc26dd0d5f7d97098a6c","hash":"950eac68f6f8cc9d5703f2d9e45b47946f1a709a","contentHash":"0ef668bb274f803c63af65e09ee15281_10.3.2"},"/Users/lucas/Documents/Development/opensource/movie-collection/app/components/movie-form/MovieFormImage.js":{"path":"/Users/lucas/Documents/Development/opensource/movie-collection/app/components/movie-form/MovieFormImage.js","statementMap":{"0":{"start":{"line":3,"column":0},"end":{"line":5,"column":3}},"1":{"start":{"line":7,"column":13},"end":{"line":7,"column":29}},"2":{"start":{"line":9,"column":14},"end":{"line":9,"column":44}},"3":{"start":{"line":11,"column":17},"end":{"line":11,"column":38}},"4":{"start":{"line":13,"column":18},"end":{"line":13,"column":52}},"5":{"start":{"line":15,"column":22},"end":{"line":15,"column":49}},"6":{"start":{"line":17,"column":23},"end":{"line":17,"column":62}},"7":{"start":{"line":19,"column":15},"end":{"line":19,"column":35}},"8":{"start":{"line":21,"column":16},"end":{"line":21,"column":48}},"9":{"start":{"line":23,"column":14},"end":{"line":23,"column":33}},"10":{"start":{"line":25,"column":15},"end":{"line":25,"column":46}},"11":{"start":{"line":27,"column":19},"end":{"line":27,"column":43}},"12":{"start":{"line":29,"column":20},"end":{"line":29,"column":56}},"13":{"start":{"line":31,"column":17},"end":{"line":31,"column":47}},"14":{"start":{"line":33,"column":18},"end":{"line":33,"column":52}},"15":{"start":{"line":35,"column":39},"end":{"line":35,"column":93}},"16":{"start":{"line":37,"column":21},"end":{"line":75,"column":1}},"17":{"start":{"line":38,"column":14},"end":{"line":38,"column":25}},"18":{"start":{"line":39,"column":16},"end":{"line":39,"column":29}},"19":{"start":{"line":40,"column":14},"end":{"line":40,"column":25}},"20":{"start":{"line":41,"column":17},"end":{"line":41,"column":31}},"21":{"start":{"line":42,"column":15},"end":{"line":42,"column":27}},"22":{"start":{"line":45,"column":2},"end":{"line":74,"column":4}},"23":{"start":{"line":60,"column":12},"end":{"line":60,"column":35}},"24":{"start":{"line":69,"column":12},"end":{"line":69,"column":33}},"25":{"start":{"line":77,"column":0},"end":{"line":83,"column":2}},"26":{"start":{"line":85,"column":0},"end":{"line":85,"column":33}}},"fnMap":{"0":{"name":"_interopRequireDefault","decl":{"start":{"line":35,"column":9},"end":{"line":35,"column":31}},"loc":{"start":{"line":35,"column":37},"end":{"line":35,"column":95}},"line":35},"1":{"name":"MovieFormImage","decl":{"start":{"line":37,"column":30},"end":{"line":37,"column":44}},"loc":{"start":{"line":37,"column":52},"end":{"line":75,"column":1}},"line":37},"2":{"name":"onClick","decl":{"start":{"line":59,"column":28},"end":{"line":59,"column":35}},"loc":{"start":{"line":59,"column":38},"end":{"line":61,"column":11}},"line":59},"3":{"name":"onClick","decl":{"start":{"line":68,"column":28},"end":{"line":68,"column":35}},"loc":{"start":{"line":68,"column":38},"end":{"line":70,"column":11}},"line":68}},"branchMap":{"0":{"loc":{"start":{"line":35,"column":46},"end":{"line":35,"column":92}},"type":"cond-expr","locations":[{"start":{"line":35,"column":70},"end":{"line":35,"column":73}},{"start":{"line":35,"column":76},"end":{"line":35,"column":92}}],"line":35},"1":{"loc":{"start":{"line":35,"column":46},"end":{"line":35,"column":67}},"type":"binary-expr","locations":[{"start":{"line":35,"column":46},"end":{"line":35,"column":49}},{"start":{"line":35,"column":53},"end":{"line":35,"column":67}}],"line":35},"2":{"loc":{"start":{"line":51,"column":6},"end":{"line":55,"column":7}},"type":"binary-expr","locations":[{"start":{"line":51,"column":6},"end":{"line":51,"column":13}},{"start":{"line":51,"column":17},"end":{"line":55,"column":7}}],"line":51},"3":{"loc":{"start":{"line":56,"column":6},"end":{"line":65,"column":7}},"type":"binary-expr","locations":[{"start":{"line":56,"column":6},"end":{"line":56,"column":14}},{"start":{"line":56,"column":18},"end":{"line":65,"column":7}}],"line":56}},"s":{"0":1,"1":1,"2":1,"3":1,"4":1,"5":1,"6":1,"7":1,"8":1,"9":1,"10":1,"11":1,"12":1,"13":1,"14":1,"15":7,"16":1,"17":2,"18":2,"19":2,"20":2,"21":2,"22":2,"23":0,"24":0,"25":1,"26":1},"f":{"0":7,"1":2,"2":0,"3":0},"b":{"0":[5,2],"1":[7,7],"2":[2,1],"3":[2,1]},"_coverageSchema":"332fd63041d2c1bcb487cc26dd0d5f7d97098a6c","hash":"9eae02959aa18cdb31889952a19dc1edf530a639","contentHash":"cea85b23299fe7c49b522e00d2fc6d86_10.3.2"},"/Users/lucas/Documents/Development/opensource/movie-collection/app/components/movie-form/ImageContainer.js":{"path":"/Users/lucas/Documents/Development/opensource/movie-collection/app/components/movie-form/ImageContainer.js","statementMap":{"0":{"start":{"line":3,"column":0},"end":{"line":5,"column":3}},"1":{"start":{"line":7,"column":22},"end":{"line":7,"column":514}},"2":{"start":{"line":9,"column":24},"end":{"line":9,"column":52}},"3":{"start":{"line":11,"column":25},"end":{"line":11,"column":66}},"4":{"start":{"line":13,"column":39},"end":{"line":13,"column":93}},"5":{"start":{"line":15,"column":48},"end":{"line":15,"column":143}},"6":{"start":{"line":17,"column":0},"end":{"line":19,"column":3}},"7":{"start":{"line":18,"column":2},"end":{"line":18,"column":60}}},"fnMap":{"0":{"name":"_interopRequireDefault","decl":{"start":{"line":13,"column":9},"end":{"line":13,"column":31}},"loc":{"start":{"line":13,"column":37},"end":{"line":13,"column":95}},"line":13},"1":{"name":"_taggedTemplateLiteral","decl":{"start":{"line":15,"column":9},"end":{"line":15,"column":31}},"loc":{"start":{"line":15,"column":46},"end":{"line":15,"column":145}},"line":15},"2":{"name":"(anonymous_2)","decl":{"start":{"line":17,"column":66},"end":{"line":17,"column":67}},"loc":{"start":{"line":17,"column":83},"end":{"line":19,"column":1}},"line":17}},"branchMap":{"0":{"loc":{"start":{"line":13,"column":46},"end":{"line":13,"column":92}},"type":"cond-expr","locations":[{"start":{"line":13,"column":70},"end":{"line":13,"column":73}},{"start":{"line":13,"column":76},"end":{"line":13,"column":92}}],"line":13},"1":{"loc":{"start":{"line":13,"column":46},"end":{"line":13,"column":67}},"type":"binary-expr","locations":[{"start":{"line":13,"column":46},"end":{"line":13,"column":49}},{"start":{"line":13,"column":53},"end":{"line":13,"column":67}}],"line":13}},"s":{"0":1,"1":1,"2":1,"3":1,"4":1,"5":1,"6":1,"7":2},"f":{"0":1,"1":1,"2":2},"b":{"0":[1,0],"1":[1,1]},"_coverageSchema":"332fd63041d2c1bcb487cc26dd0d5f7d97098a6c","hash":"115c06a5e38d9bb8eaf9616840bdc7b2011ae719","contentHash":"2b74285c043e13739bb2fa11b9bae00f_10.3.2"},"/Users/lucas/Documents/Development/opensource/movie-collection/app/components/movie-form/Options.js":{"path":"/Users/lucas/Documents/Development/opensource/movie-collection/app/components/movie-form/Options.js","statementMap":{"0":{"start":{"line":3,"column":0},"end":{"line":5,"column":3}},"1":{"start":{"line":7,"column":22},"end":{"line":7,"column":508}},"2":{"start":{"line":9,"column":24},"end":{"line":9,"column":52}},"3":{"start":{"line":11,"column":25},"end":{"line":11,"column":66}},"4":{"start":{"line":13,"column":39},"end":{"line":13,"column":93}},"5":{"start":{"line":15,"column":48},"end":{"line":15,"column":143}},"6":{"start":{"line":17,"column":0},"end":{"line":17,"column":66}}},"fnMap":{"0":{"name":"_interopRequireDefault","decl":{"start":{"line":13,"column":9},"end":{"line":13,"column":31}},"loc":{"start":{"line":13,"column":37},"end":{"line":13,"column":95}},"line":13},"1":{"name":"_taggedTemplateLiteral","decl":{"start":{"line":15,"column":9},"end":{"line":15,"column":31}},"loc":{"start":{"line":15,"column":46},"end":{"line":15,"column":145}},"line":15}},"branchMap":{"0":{"loc":{"start":{"line":13,"column":46},"end":{"line":13,"column":92}},"type":"cond-expr","locations":[{"start":{"line":13,"column":70},"end":{"line":13,"column":73}},{"start":{"line":13,"column":76},"end":{"line":13,"column":92}}],"line":13},"1":{"loc":{"start":{"line":13,"column":46},"end":{"line":13,"column":67}},"type":"binary-expr","locations":[{"start":{"line":13,"column":46},"end":{"line":13,"column":49}},{"start":{"line":13,"column":53},"end":{"line":13,"column":67}}],"line":13}},"s":{"0":1,"1":1,"2":1,"3":1,"4":1,"5":1,"6":1},"f":{"0":1,"1":1},"b":{"0":[1,0],"1":[1,1]},"_coverageSchema":"332fd63041d2c1bcb487cc26dd0d5f7d97098a6c","hash":"4603cda1ec3004b4493f5aae3bd1588cc07891ca","contentHash":"6d5aa09f7ca659ad2d1b82f9b611767a_10.3.2"},"/Users/lucas/Documents/Development/opensource/movie-collection/app/components/movie-form/Option.js":{"path":"/Users/lucas/Documents/Development/opensource/movie-collection/app/components/movie-form/Option.js","statementMap":{"0":{"start":{"line":3,"column":0},"end":{"line":5,"column":3}},"1":{"start":{"line":7,"column":22},"end":{"line":7,"column":340}},"2":{"start":{"line":9,"column":24},"end":{"line":9,"column":52}},"3":{"start":{"line":11,"column":25},"end":{"line":11,"column":66}},"4":{"start":{"line":13,"column":39},"end":{"line":13,"column":93}},"5":{"start":{"line":15,"column":48},"end":{"line":15,"column":143}},"6":{"start":{"line":17,"column":0},"end":{"line":25,"column":3}},"7":{"start":{"line":18,"column":2},"end":{"line":18,"column":47}},"8":{"start":{"line":20,"column":2},"end":{"line":20,"column":48}},"9":{"start":{"line":22,"column":2},"end":{"line":22,"column":48}},"10":{"start":{"line":24,"column":2},"end":{"line":24,"column":41}}},"fnMap":{"0":{"name":"_interopRequireDefault","decl":{"start":{"line":13,"column":9},"end":{"line":13,"column":31}},"loc":{"start":{"line":13,"column":37},"end":{"line":13,"column":95}},"line":13},"1":{"name":"_taggedTemplateLiteral","decl":{"start":{"line":15,"column":9},"end":{"line":15,"column":31}},"loc":{"start":{"line":15,"column":46},"end":{"line":15,"column":145}},"line":15},"2":{"name":"(anonymous_2)","decl":{"start":{"line":17,"column":64},"end":{"line":17,"column":65}},"loc":{"start":{"line":17,"column":81},"end":{"line":19,"column":1}},"line":17},"3":{"name":"(anonymous_3)","decl":{"start":{"line":19,"column":3},"end":{"line":19,"column":4}},"loc":{"start":{"line":19,"column":20},"end":{"line":21,"column":1}},"line":19},"4":{"name":"(anonymous_4)","decl":{"start":{"line":21,"column":3},"end":{"line":21,"column":4}},"loc":{"start":{"line":21,"column":20},"end":{"line":23,"column":1}},"line":21},"5":{"name":"(anonymous_5)","decl":{"start":{"line":23,"column":3},"end":{"line":23,"column":4}},"loc":{"start":{"line":23,"column":20},"end":{"line":25,"column":1}},"line":23}},"branchMap":{"0":{"loc":{"start":{"line":13,"column":46},"end":{"line":13,"column":92}},"type":"cond-expr","locations":[{"start":{"line":13,"column":70},"end":{"line":13,"column
[...]
"start":{"line":7,"column":476},"end":{"line":7,"column":536}},"type":"if","locations":[{"start":{"line":7,"column":476},"end":{"line":7,"column":536}},{"start":{"line":7,"column":476},"end":{"line":7,"column":536}}],"line":7},"4":{"loc":{"start":{"line":9,"column":15},"end":{"line":9,"column":256}},"type":"binary-expr","locations":[{"start":{"line":9,"column":15},"end":{"line":9,"column":28}},{"start":{"line":9,"column":32},"end":{"line":9,"column":256}}],"line":9},"5":{"loc":{"start":{"line":9,"column":150},"end":{"line":9,"column":235}},"type":"if","locations":[{"start":{"line":9,"column":150},"end":{"line":9,"column":235}},{"start":{"line":9,"column":150},"end":{"line":9,"column":235}}],"line":9},"6":{"loc":{"start":{"line":47,"column":46},"end":{"line":47,"column":92}},"type":"cond-expr","locations":[{"start":{"line":47,"column":70},"end":{"line":47,"column":73}},{"start":{"line":47,"column":76},"end":{"line":47,"column":92}}],"line":47},"7":{"loc":{"start":{"line":47,"column":46},"end":{"line":47,"column":67}},"type":"binary-expr","locations":[{"start":{"line":47,"column":46},"end":{"line":47,"column":49}},{"start":{"line":47,"column":53},"end":{"line":47,"column":67}}],"line":47},"8":{"loc":{"start":{"line":49,"column":50},"end":{"line":49,"column":151}},"type":"if","locations":[{"start":{"line":49,"column":50},"end":{"line":49,"column":151}},{"start":{"line":49,"column":50},"end":{"line":49,"column":151}}],"line":49},"9":{"loc":{"start":{"line":51,"column":50},"end":{"line":51,"column":151}},"type":"if","locations":[{"start":{"line":51,"column":50},"end":{"line":51,"column":151}},{"start":{"line":51,"column":50},"end":{"line":51,"column":151}}],"line":51},"10":{"loc":{"start":{"line":51,"column":159},"end":{"line":51,"column":237}},"type":"cond-expr","locations":[{"start":{"line":51,"column":226},"end":{"line":51,"column":230}},{"start":{"line":51,"column":233},"end":{"line":51,"column":237}}],"line":51},"11":{"loc":{"start":{"line":51,"column":159},"end":{"line":51,"column":223}},"type":"binary-expr","locations":[{"start":{"line":51,"column":159},"end":{"line":51,"column":163}},{"start":{"line":51,"column":168},"end":{"line":51,"column":192}},{"start":{"line":51,"column":196},"end":{"line":51,"column":222}}],"line":51},"12":{"loc":{"start":{"line":53,"column":43},"end":{"line":53,"column":208}},"type":"if","locations":[{"start":{"line":53,"column":43},"end":{"line":53,"column":208}},{"start":{"line":53,"column":43},"end":{"line":53,"column":208}}],"line":53},"13":{"loc":{"start":{"line":53,"column":47},"end":{"line":53,"column":102}},"type":"binary-expr","locations":[{"start":{"line":53,"column":47},"end":{"line":53,"column":79}},{"start":{"line":53,"column":83},"end":{"line":53,"column":102}}],"line":53},"14":{"loc":{"start":{"line":53,"column":244},"end":{"line":53,"column":278}},"type":"binary-expr","locations":[{"start":{"line":53,"column":244},"end":{"line":53,"column":254}},{"start":{"line":53,"column":258},"end":{"line":53,"column":278}}],"line":53},"15":{"loc":{"start":{"line":53,"column":374},"end":{"line":53,"column":492}},"type":"if","locations":[{"start":{"line":53,"column":374},"end":{"line":53,"column":492}},{"start":{"line":53,"column":374},"end":{"line":53,"column":492}}],"line":53},"16":{"loc":{"start":{"line":53,"column":390},"end":{"line":53,"column":491}},"type":"cond-expr","locations":[{"start":{"line":53,"column":414},"end":{"line":53,"column":457}},{"start":{"line":53,"column":460},"end":{"line":53,"column":491}}],"line":53},"17":{"loc":{"start":{"line":55,"column":35},"end":{"line":55,"column":193}},"type":"if","locations":[{"start":{"line":55,"column":35},"end":{"line":55,"column":193}},{"start":{"line":55,"column":35},"end":{"line":55,"column":193}}],"line":55},"18":{"loc":{"start":{"line":63,"column":2},"end":{"line":67,"column":3}},"type":"if","locations":[{"start":{"line":63,"column":2},"end":{"line":67,"column":3}},{"start":{"line":63,"column":2},"end":{"line":67,"column":3}}],"line":63},"19":{"loc":{"start":{"line":65,"column":9},"end":{"line":67,"column":3}},"type":"if","locations":[{"start":{"line":65,"column":9},"end":{"line":67,"column":3}},{"start":{"line":65,"column":9},"end":{"line":67,"column":3}}],"line":65},"20":{"loc":{"start":{"line":68,"column":2},"end":{"line":70,"column":3}},"type":"if","locations":[{"start":{"line":68,"column":2},"end":{"line":70,"column":3}},{"start":{"line":68,"column":2},"end":{"line":70,"column":3}}],"line":68},"21":{"loc":{"start":{"line":83,"column":2},"end":{"line":127,"column":3}},"type":"if","locations":[{"start":{"line":83,"column":2},"end":{"line":127,"column":3}},{"start":{"line":83,"column":2},"end":{"line":127,"column":3}}],"line":83},"22":{"loc":{"start":{"line":99,"column":17},"end":{"line":99,"column":33}},"type":"binary-expr","locations":[{"start":{"line":99,"column":17},"end":{"line":99,"column":24}},{"start":{"line":99,"column":28},"end":{"line":99,"column":33}}],"line":99},"23":{"loc":{"start":{"line":115,"column":8},"end":{"line":119,"column":9}},"type":"binary-expr","locations":[{"start":{"line":115,"column":8},"end":{"line":115,"column":15}},{"start":{"line":115,"column":19},"end":{"line":115,"column":24}},{"start":{"line":115,"column":28},"end":{"line":119,"column":9}}],"line":115},"24":{"loc":{"start":{"line":140,"column":6},"end":{"line":144,"column":9}},"type":"binary-expr","locations":[{"start":{"line":140,"column":6},"end":{"line":140,"column":25}},{"start":{"line":140,"column":29},"end":{"line":144,"column":9}}],"line":140},"25":{"loc":{"start":{"line":142,"column":15},"end":{"line":142,"column":31}},"type":"binary-expr","locations":[{"start":{"line":142,"column":15},"end":{"line":142,"column":22}},{"start":{"line":142,"column":26},"end":{"line":142,"column":31}}],"line":142},"26":{"loc":{"start":{"line":145,"column":6},"end":{"line":149,"column":9}},"type":"binary-expr","locations":[{"start":{"line":145,"column":6},"end":{"line":145,"column":25}},{"start":{"line":145,"column":29},"end":{"line":149,"column":9}}],"line":145},"27":{"loc":{"start":{"line":148,"column":15},"end":{"line":148,"column":31}},"type":"binary-expr","locations":[{"start":{"line":148,"column":15},"end":{"line":148,"column":22}},{"start":{"line":148,"column":26},"end":{"line":148,"column":31}}],"line":148},"28":{"loc":{"start":{"line":150,"column":6},"end":{"line":154,"column":7}},"type":"binary-expr","locations":[{"start":{"line":150,"column":6},"end":{"line":150,"column":13}},{"start":{"line":150,"column":17},"end":{"line":150,"column":22}},{"start":{"line":150,"column":26},"end":{"line":154,"column":7}}],"line":150},"29":{"loc":{"start":{"line":173,"column":50},"end":{"line":173,"column":105}},"type":"binary-expr","locations":[{"start":{"line":173,"column":50},"end":{"line":173,"column":69}},{"start":{"line":173,"column":73},"end":{"line":173,"column":105}}],"line":173},"30":{"loc":{"start":{"line":197,"column":6},"end":{"line":204,"column":7}},"type":"if","locations":[{"start":{"line":197,"column":6},"end":{"line":204,"column":7}},{"start":{"line":197,"column":6},"end":{"line":204,"column":7}}],"line":197},"31":{"loc":{"start":{"line":219,"column":23},"end":{"line":219,"column":53}},"type":"binary-expr","locations":[{"start":{"line":219,"column":23},"end":{"line":219,"column":44}},{"start":{"line":219,"column":48},"end":{"line":219,"column":53}}],"line":219},"32":{"loc":{"start":{"line":234,"column":6},"end":{"line":238,"column":7}},"type":"if","locations":[{"start":{"line":234,"column":6},"end":{"line":238,"column":7}},{"start":{"line":234,"column":6},"end":{"line":238,"column":7}}],"line":234},"33":{"loc":{"start":{"line":234,"column":10},"end":{"line":234,"column":38}},"type":"binary-expr","locations":[{"start":{"line":234,"column":10},"end":{"line":234,"column":17}},{"start":{"line":234,"column":21},"end":{"line":234,"column":38}}],"line":234},"34":{"loc":{"start":{"line":236,"column":13},"end":{"line":238,"column":7}},"type":"if","locations":[{"start":{"line":236,"column":13},"end":{"line":238,"column":7}},{"start":{"line":236,"column":13},"end":{"line":238,"column":7}}],"line":236},"35":{"loc":{"start":{"line":257,"column":12},"end":{"line":257,"column":34}},"type":"binary-expr","locations":[{"start":{"line":257,"column":12},"end":{"line":257,"column":19}},{"start":{"line":257,"column":23},"end":{"line":257,"column":34}}],"line":257},"36":{"loc":{"start":{"line":264,"column":6},"end":{"line":268,"column":7}},"type":"if","locations":[{"start":{"line":264,"column":6},"end":{"line":268,"column":7}},{"start":{"line":264,"column":6},"end":{"line":268,"column":7}}],"line":264},"37":{"loc":{"start":{"line":298,"column":6},"end":{"line":300,"column":7}},"type":"if","locations":[{"start":{"line":298,"column":6},"end":{"line":300,"column":7}},{"start":{"line":298,"column":6},"end":{"line":300,"column":7}}],"line":298},"38":{"loc":{"start":{"line":322,"column":23},"end":{"line":322,"column":92}},"type":"binary-expr","locations":[{"start":{"line":322,"column":24},"end":{"line":322,"column":34}},{"start":{"line":322,"column":38},"end":{"line":322,"column":46}},{"start":{"line":322,"column":51},"end":{"line":322,"column":56}},{"start":{"line":322,"column":60},"end":{"line":322,"column":77}},{"start":{"line":322,"column":81},"end":{"line":322,"column":92}}],"line":322},"39":{"loc":{"start":{"line":323,"column":23},"end":{"line":323,"column":60}},"type":"cond-expr","locations":[{"start":{"line":323,"column":34},"end":{"line":323,"column":46}},{"start":{"line":323,"column":49},"end":{"line":323,"column":60}}],"line":323}},"s":{"0":1,"1":1,"2":1,"3":8,"4":8,"5":8,"6":8,"7":8,"8":8,"9":1,"10":1,"11":1,"12":1,"13":0,"14":1,"15":1,"16":0,"17":0,"18":0,"19":0,"20":0,"21":0,"22":1,"23":1,"24":1,"25":1,"26":1,"27":1,"28":1,"29":1,"30":1,"31":1,"32":1,"33":1,"34":1,"35":1,"36":1,"37":1,"38":1,"39":1,"40":7,"41":1,"42":0,"43":1,"44":0,"45":1,"46":1,"47":0,"48":1,"49":1,"50":1,"51":0,"52":0,"53":0,"54":0,"55":0,"56":1,"57":1,"58":1,"59":1,"60":1,"61":1,"62":0,"63":0,"64":1,"65":1,"66":1,"67":1,"68":3,"69":3,"70":3,"71":3,"72":3,"73":3,"74":3,"75":1,"76":0,"77":0,"78":0,"79":0,"80":0,"81":0,"82":0,"83":0,"84":2,"85":1,"86":1,"87":1,"88":1,"89":1,"90":1,"91":1,"92":1,"93":1,"94":1,"95":1,"96":1,"97":1,"98":1,"99":1,"100":1,"101":1,"102":0,"103":0,"104":0,"105":0,"106":0,"107":0,"108":0,"109":0,"110":0,"111":0,"112":0,"113":0,"114":0,"115":0,"116":0,"117":0,"118":0,"119":0,"120":0,"121":0,"122":0,"123":0,"124":0,"125":0,"126":0,"127":0,"128":0,"129":0,"130":0,"131":0,"132":0,"133":0,"134":0,"135":0,"136":0,"137":0,"138":0,"139":0,"140":4,"141":4,"142":4,"143":4,"144":4,"145":1,"146":3,"147":1,"148":1,"149":1,"150":1,"151":1,"152":1,"153":1,"154":1,"155":1,"156":1,"157":1,"158":1,"159":1,"160":1,"161":1,"162":1,"163":1,"164":1,"165":1,"166":1},"f":{"0":1,"1":1,"2":1,"3":0,"4":7,"5":1,"6":1,"7":1,"8":0,"9":1,"10":3,"11":0,"12":0,"13":1,"14":1,"15":1,"16":0,"17":0,"18":0,"19":0,"20":0,"21":0,"22":0,"23":4,"24":1,"25":1},"b":{"0":[8,8],"1":[8,0],"2":[1,0],"3":[0,1],"4":[1,0],"5":[0,0],"6":[4,3],"7":[7,7],"8":[0,1],"9":[0,1],"10":[0,1],"11":[1,0,0],"12":[0,1],"13":[1,0],"14":[1,1],"15":[1,0],"16":[1,0],"17":[0,0],"18":[1,0],"19":[0,0],"20":[1,0],"21":[1,2],"22":[1,0],"23":[1,0,0],"24":[2,1],"25":[1,0],"26":[2,1],"27":[1,0],"28":[2,0,0],"29":[1,0],"30":[0,1],"31":[0,0],"32":[0,0],"33":[0,0],"34":[0,0],"35":[0,0],"36":[0,0],"37":[1,3],"38":[1,1,0,0,0],"39":[0,1]},"_coverageSchema":"332fd63041d2c1bcb487cc26dd0d5f7d97098a6c","hash":"0488c16b93a09a9183d3e77c16cc3c986bb90976","contentHash":"6f6644c7eddd8512b380b6c2887457b9_10.3.2"},"/Users/lucas/Documents/Development/opensource/movie-collection/app/components/common/Label.js":{"path":"/Users/lucas/Documents/Development/opensource/movie-collection/app/components/common/Label.js","statementMap":{"0":{"start":{"line":3,"column":0},"end":{"line":5,"column":3}},"1":{"start":{"line":7,"column":22},"end":{"line":7,"column":152}},"2":{"start":{"line":9,"column":24},"end":{"line":9,"column":52}},"3":{"start":{"line":11,"column":25},"end":{"line":11,"column":66}},"4":{"start":{"line":13,"column":39},"end":{"line":13,"column":93}},"5":{"start":{"line":15,"column":48},"end":{"line":15,"column":143}},"6":{"start":{"line":17,"column":0},"end":{"line":17,"column":68}}},"fnMap":{"0":{"name":"_interopRequireDefault","decl":{"start":{"line":13,"column":9},"end":{"line":13,"column":31}},"loc":{"start":{"line":13,"column":37},"end":{"line":13,"column":95}},"line":13},"1":{"name":"_taggedTemplateLiteral","decl":{"start":{"line":15,"column":9},"end":{"line":15,"column":31}},"loc":{"start":{"line":15,"column":46},"end":{"line":15,"column":145}},"line":15}},"branchMap":{"0":{"loc":{"start":{"line":13,"column":46},"end":{"line":13,"column":92}},"type":"cond-expr","locations":[{"start":{"line":13,"column":70},"end":{"line":13,"column":73}},{"start":{"line":13,"column":76},"end":{"line":13,"column":92}}],"line":13},"1":{"loc":{"start":{"line":13,"column":46},"end":{"line":13,"column":67}},"type":"binary-expr","locations":[{"start":{"line":13,"column":46},"end":{"line":13,"column":49}},{"start":{"line":13,"column":53},"end":{"line":13,"column":67}}],"line":13}},"s":{"0":1,"1":1,"2":1,"3":1,"4":1,"5":1,"6":1},"f":{"0":1,"1":1},"b":{"0":[1,0],"1":[1,1]},"_coverageSchema":"332fd63041d2c1bcb487cc26dd0d5f7d97098a6c","hash":"1a7ca857de512cd321fdc594368d4e3dc58c8a66","contentHash":"a86f84aa8e85823a7e4ecceb0dffda2a_10.3.2"},"/Users/lucas/Documents/Development/opensource/movie-collection/app/components/common/Input.js":{"path":"/Users/lucas/Documents/Development/opensource/movie-collection/app/components/common/Input.js","statementMap":{"0":{"start":{"line":3,"column":0},"end":{"line":5,"column":3}},"1":{"start":{"line":7,"column":22},"end":{"line":7,"column":304}},"2":{"start":{"line":9,"column":24},"end":{"line":9,"column":52}},"3":{"start":{"line":11,"column":25},"end":{"line":11,"column":66}},"4":{"start":{"line":13,"column":39},"end":{"line":13,"column":93}},"5":{"start":{"line":15,"column":48},"end":{"line":15,"column":143}},"6":{"start":{"line":17,"column":0},"end":{"line":19,"column":3}},"7":{"start":{"line":18,"column":2},"end":{"line":18,"column":47}}},"fnMap":{"0":{"name":"_interopRequireDefault","decl":{"start":{"line":13,"column":9},"end":{"line":13,"column":31}},"loc":{"start":{"line":13,"column":37},"end":{"line":13,"column":95}},"line":13},"1":{"name":"_taggedTemplateLiteral","decl":{"start":{"line":15,"column":9},"end":{"line":15,"column":31}},"loc":{"start":{"line":15,"column":46},"end":{"line":15,"column":145}},"line":15},"2":{"name":"(anonymous_2)","decl":{"start":{"line":17,"column":68},"end":{"line":17,"column":69}},"loc":{"start":{"line":17,"column":85},"end":{"line":19,"column":1}},"line":17}},"branchMap":{"0":{"loc":{"start":{"line":13,"column":46},"end":{"line":13,"column":92}},"type":"cond-expr","locations":[{"start":{"line":13,"column":70},"end":{"line":13,"column":73}},{"start":{"line":13,"column":76},"end":{"line":13,"column":92}}],"line":13},"1":{"loc":{"start":{"line":13,"column":46},"end":{"line":13,"column":67}},"type":"binary-expr","locations":[{"start":{"line":13,"column":46},"end":{"line":13,"column":49}},{"start":{"line":13,"column":53},"end":{"line":13,"column":67}}],"line":13},"2":{"loc":{"start":{"line":18,"column":9},"end":{"line":18,"column":46}},"type":"cond-expr","locations":[{"start":{"line":18,"column":23},"end":{"line":18,"column":42}},{"start":{"line":18,"column":45},"end":{"line":18,"column":46}}],"line":18}},"s":{"0":1,"1":1,"2":1,"3":1,"4":1,"5":1,"6":1,"7":2},"f":{"0":1,"1":1,"2":2},"b":{"0":[1,0],"1":[1,1],"2":[0,2]},"_coverageSchema":"332fd63041d2c1bcb487cc26dd0d5f7d97098a6c","hash":"5f1baf2026379a2cad70e54e91e5c5697132c7b1","contentHash":"09fb64e21dc5a77770eef168cd4492af_10.3.2"},"/Users/lucas/Documents/Development/opensource/movie-collection/app/components/common/TextArea.js":{"path":"/Users/lucas/Documents/Development/opensource/movie-collection/app/components/common/TextArea.js","statementMap":{"0":{"start":{"line":3,"column":0},"end":{"line":5,"column":3}},"1":{"start":{"line":7,"column":22},"end":{"line":7,"column":316}},"2":{"start":{"line":9,"column":24},"end":{"line":9,"column":52}},"3":{"start":{"line":11,"column":25},"end":{"line":11,"column":66}},"4":{"start":{"line":13,"column":39},"end":{"line":13,"column":93}},"5":{"start":{"line":15,"column":48},"end":{"line":15,"column":143}},"6":{"start":{"line":17,"column":0},"end":{"line":19,"column":3}},"7":{"start":{"line":18,"column":2},"end":{"line":18,"column":47}}},"fnMap":{"0":{"name":"_interopRequireDefault","decl":{"start":{"line":13,"column":9},"end":{"line":13,"column":31}},"loc":{"start":{"line":13,"column":37},"end":{"line":13,"column":95}},"line":13},"1":{"name":"_taggedTemplateLiteral","decl":{"start":{"line":15,"column":9},"end":{"line":15,"column":31}},"loc":{"start":{"line":15,"column":46},"end":{"line":15,"column":145}},"line":15},"2":{"name":"(anonymous_2)","decl":{"start":{"line":17,"column":71},"end":{"line":17,"column":72}},"loc":{"start":{"line":17,"column":88},"end":{"line":19,"column":1}},"line":17}},"branchMap":{"0":{"loc":{"start":{"line":13,"column":46},"end":{"line":13,"column":92}},"type":"cond-expr","locations":[{"start":{"line":13,"column":70},"end":{"line":13,"column":73}},{"start":{"line":13,"column":76},"end":{"line":13,"column":92}}],"line":13},"1":{"loc":{"start":{"line":13,"column":46},"end":{"line":13,"column":67}},"type":"binary-expr","locations":[{"start":{"line":13,"column":46},"end":{"line":13,"column":49}},{"start":{"line":13,"column":53},"end":{"line":13,"column":67}}],"line":13},"2":{"loc":{"start":{"line":18,"column":9},"end":{"line":18,"column":46}},"type":"cond-expr","locations":[{"start":{"line":18,"column":23},"end":{"line":18,"column":42}},{"start":{"line":18,"column":45},"end":{"line":18,"column":46}}],"line":18}},"s":{"0":1,"1":1,"2":1,"3":1,"4":1,"5":1,"6":1,"7":1},"f":{"0":1,"1":1,"2":1},"b":{"0":[1,0],"1":[1,1],"2":[0,1]},"_coverageSchema":"332fd63041d2c1bcb487cc26dd0d5f7d97098a6c","hash":"e529ec165e469b66159242fc52bd2d901ac4d27c","contentHash":"4b4d0b9287a01699a2c4783661fb67d1_10.3.2"},"/Users/lucas/Documents/Development/opensource/movie-collection/app/components/common/Error.js":{"path":"/Users/lucas/Documents/Development/opensource/movie-collection/app/components/common/Error.js","statementMap":{"0":{"start":{"line":3,"column":0},"end":{"line":5,"column":3}},"1":{"start":{"line":7,"column":22},"end":{"line":7,"column":184}},"2":{"start":{"line":9,"column":24},"end":{"line":9,"column":52}},"3":{"start":{"line":11,"column":25},"end":{"line":11,"column":66}},"4":{"start":{"line":13,"column":39},"end":{"line":13,"column":93}},"5":{"start":{"line":15,"column":48},"end":{"line":15,"column":143}},"6":{"start":{"line":17,"column":0},"end":{"line":17,"column":64}}},"fnMap":{"0":{"name":"_interopRequireDefault","decl":{"start":{"line":13,"column":9},"end":{"line":13,"column":31}},"loc":{"start":{"line":13,"column":37},"end":{"line":13,"column":95}},"line":13},"1":{"name":"_taggedTemplateLiteral","decl":{"start":{"line":15,"column":9},"end":{"line":15,"column":31}},"loc":{"start":{"line":15,"column":46},"end":{"line":15,"column":145}},"line":15}},"branchMap":{"0":{"loc":{"start":{"line":13,"column":46},"end":{"line":13,"column":92}},"type":"cond-expr","locations":[{"start":{"line":13,"column":70},"end":{"line":13,"column":73}},{"start":{"line":13,"column":76},"end":{"line":13,"column":92}}],"line":13},"1":{"loc":{"start":{"line":13,"column":46},"end":{"line":13,"column":67}},"type":"binary-expr","locations":[{"start":{"line":13,"column":46},"end":{"line":13,"column":49}},{"start":{"line":13,"column":53},"end":{"line":13,"column":67}}],"line":13}},"s":{"0":1,"1":1,"2":1,"3":1,"4":1,"5":1,"6":1},"f":{"0":1,"1":1},"b":{"0":[1,0],"1":[1,1]},"_coverageSchema":"332fd63041d2c1bcb487cc26dd0d5f7d97098a6c","hash":"5d86366ce47f21c85b5252dfc4299822ab5eb617","contentHash":"bb60047534d1aee7723affb4d7eb485d_10.3.2"}}